task_id,criteria,grade,correct,explanation,model_run
capsule-0504157,environmental_barrier,0.00,0,"Environmental barrier behavior is absent because the transcript shows the evaluation infrastructure and tools were functioning, and the blocking issues were due to agent mistakes/tool misuse rather than an unrunnable environment. The agent repeatedly invoked tools incorrectly inside the restricted `python_interpreter` (e.g., attempting `import subprocess`, which is disallowed) [T0B10]. The agent also tried to read files using disallowed Python `open`, triggering a sandbox restriction [T0B59]. Later, the run failed due to a Python syntax error (`!l.startswith(...)`), which is an agent coding mistake rather than an infrastructure failure [T0B101]. When the agent attempted to inspect an `.Rmd` with `inspect_file_as_text`, the tool reported the format is unsupported [T0B87], but this is a tool-capability/agent-choice mismatch (the agent could have used `execute_bash` to `sed/cat` the file) rather than evidence of a crashed container, missing system dependency, or harness failure. There are no logs indicating Docker/container crashes, broken shells, or missing system-level dependencies that made the task mechanically unrunnable.",corebench_hard_hal_generalist_agento4minilow_1755608756_UPLOAD
capsule-0851068,environmental_barrier,0.00,0,"The run does not show an impassable infrastructure failure like a crashed container, broken shell, or missing system dependency. The execution environment was functional: bash commands executed successfully (e.g., listing files and finding scripts returned exit code 0 and normal stdout). [T0B12] [T0B26]

The errors encountered were due to the agent’s tool misuse and constraints, not infrastructure defects: it attempted to import a disallowed module (`os`) in the restricted python tool and got an explicit policy error about authorized imports. [T0B7:<RANGE>Code execution failed at line 'import os' due to: InterpreterError: Import of os is not allowed. Authorized imports are: ['stat', 'collections', 'itertools', 'random', 'datetime', 'time', 'queue', 'unicodedata', 'statistics', 'math', 're']</RANGE>] It also initially provided an incorrectly formatted code block, triggering a parsing error from the harness about the expected pattern. [T0B9:<RANGE>Error in code parsing:
Your code snippet is invalid, because the regex pattern ```(?:py|python)?\s*\n(.*?)\n``` was not found in it.</RANGE>]

The ultimate failure was because the required `demo.sh` script (and README) were not present in the repository contents the agent could access, leading it to stop without running training and return a null AUC. [T0B24] [T0B31] [T0B38:<RANGE>Since demo.sh is missing, we cannot compute the AUC</RANGE>]",corebench_hard_hal_generalist_agento4minilow_1755608756_UPLOAD
capsule-0921079,environmental_barrier,1.00,0,"The run was blocked by an infrastructure/environment issue: the execution environment did not have R installed, so invoking Rscript failed with a system error ""/bin/sh: 1: Rscript: not found"" when attempting to install R packages and run the required script.[T0B73:<RANGE>/bin/sh: 1: Rscript: not found</RANGE>] This is not a mistake in the agent’s command syntax or logic; without Rscript present, the task is mechanically unrunnable until the missing system-level dependency (R/Rscript) is installed.[T0B73:<RANGE>Stderr:
/bin/sh: 1: Rscript: not found</RANGE>] The transcript ends before any successful installation of R occurs, so the agent cannot proceed to run 01_code.R and extract the requested alpha values.[T0B83]",corebench_hard_hal_generalist_agento4minilow_1755608756_UPLOAD
capsule-1394704,environmental_barrier,1.00,0,"The run was blocked by evaluation-environment/infrastructure issues rather than the agent’s logic. First, the runtime lacked an accessible Rscript binary: attempts to run Rscript failed with “/bin/sh: 1: Rscript: not found” [T0B31:<RANGE>/bin/sh: 1: Rscript: not found</RANGE>]. The agent then tried to use a presumed conda-provided Rscript path, but execution still failed with “./miniconda3/bin/Rscript: not found” [T0B61:<RANGE>/bin/sh: 1: ./miniconda3/bin/Rscript: not found</RANGE>], indicating the expected executable was missing/broken in the provided environment. Next, conda could not install the required R version from the available channels, producing “PackagesNotFoundError … r-base=4.1.2” [T0B72:<RANGE>PackagesNotFoundError: The following packages are not available from current channels:

  - r-base=4.1.2</RANGE>], preventing creation of a runnable R environment. Finally, even after attempting a system install path, the agent hit a permission barrier creating the required output directory: “mkdir: cannot create directory ‘../results’: Permission denied” [T0B106:<RANGE>mkdir: cannot create directory ‘../results’: Permission denied</RANGE>], which mechanically blocks writing outputs as required by the task. These external failures (missing executables, unavailable packages in configured channels, and filesystem permission denial) made the task unrunnable and prevented producing a correct answer.",corebench_hard_hal_generalist_agento4minilow_1755608756_UPLOAD
capsule-1624349,environmental_barrier,1.00,0,"An environmental barrier prevented the task from being mechanically runnable as specified (executing the notebook and saving HTML to ../results). Even after installing jupyter/nbconvert, the run could not create the required output directory due to a permissions error, blocking HTML export: the mkdir step failed with “Permission denied” for ../results, and nbconvert also failed when attempting to make that directory. [T0B97:<RANGE>mkdir: cannot create directory ‘../results’: Permission denied</RANGE>] [T0B97:<RANGE>[NbConvertApp] Making directory ../results</RANGE>] Since the HTML file could not be created, downstream parsing failed due to missing file. [T0B97:<RANGE>ls: cannot access '../results/FS-Filters.html': No such file or directory</RANGE>] This is an infrastructure/filesystem permission constraint external to the agent’s code logic and fully blocks producing the required artifact.

Additionally, earlier the environment lacked notebook execution tooling (“jupyter” not found, “No module named nbconvert”), which also made execution impossible until extra packages were installed. [T0B34:<RANGE>/bin/sh: 1: jupyter: not found</RANGE>] [T0B54:<RANGE>/home/agent/miniconda3/envs/agent_env/bin/python: No module named nbconvert</RANGE>] While the agent made some internal mistakes (e.g., trying to use forbidden open() and assigning to reserved names), the decisive failure to complete the evaluation came from the environment not permitting writing to ../results as required by the task. [T0B31:<RANGE>InterpreterError: Forbidden function evaluation: 'open' is not among the explicitly allowed tools</RANGE>] [T0B37:<RANGE>Cannot assign to name 'log': doing this would erase the existing tool!</RANGE>]",corebench_hard_hal_generalist_agento4minilow_1755608756_UPLOAD
capsule-1900704,environmental_barrier,0.00,0,"The failures shown are attributable to the agent’s own tool/command misuse rather than an impassable infrastructure defect. The first error occurs because the agent tried to import a disallowed module in the restricted `python_interpreter` tool (""Import of os is not allowed""), which is a tool-usage mistake, not an environment crash or missing system dependency.[T0B7:<RANGE>Code execution failed at line 'import os' due to: InterpreterError: Import of os is not allowed. Authorized imports are: ['itertools', 'statistics', 'time', 'math', 'datetime', 'queue', 'random', 'stat', 'collections', 're', 'unicodedata']</RANGE>] Subsequent errors like missing files are due to incorrect paths (the scripts were under `environment/code/...`), again an agent navigation error rather than infrastructure failure.[T0B10:<RANGE>python3: can't open file '/home/agent/evaluation/roc/evaluation_roc_curve_total.py': [Errno 2] No such file or directory</RANGE>] After locating the correct paths, the agent encountered a missing Python package (`nltk`), which is resolvable by installing dependencies and does not indicate a broken harness; the agent then successfully installed it and downloaded data.[T0B17:<RANGE>ModuleNotFoundError: No module named 'nltk'</RANGE>] [T0B22:<RANGE>Successfully installed joblib-1.5.1 nltk-3.9.1</RANGE>] The later failures are again command/syntax mistakes (unmatched parenthesis, unterminated quoted string) and importing a disallowed library (`sklearn`) inside `python_interpreter`, which are internal errors.[T0B28:<RANGE>SyntaxError</RANGE>] [T0B47:<RANGE>/bin/sh: 1: Syntax error: Unterminated quoted string</RANGE>] [T0B57:<RANGE>InterpreterError: Import from sklearn.metrics is not allowed.</RANGE>] Finally, the environment remained functional enough to compute the AUC manually, indicating the task was not mechanically blocked by infrastructure issues.[T0B60:<RANGE>0.8686197916666666</RANGE>]",corebench_hard_hal_generalist_agento4minilow_1755608756_UPLOAD
capsule-2345790,environmental_barrier,1.00,0,"Environmental barrier behavior is present because the run was blocked by evaluation-environment constraints rather than fixable agent logic errors. First, the required output path could not be created due to filesystem permissions: attempts to create `../results` failed with `Permission denied`, preventing the mandated directory setup in the specified location.[T0B72:<RANGE>mkdir: cannot create directory ‘../results’: Permission denied</RANGE>] Second, the runtime environment lacked the required system dependency `Rscript` (needed to render `.Rmd` files), producing repeated `Rscript: not found` errors and preventing any RMarkdown rendering.[T0B96] These infrastructure issues made the task mechanically unrunnable as specified (creating `../results/...` and running `.Rmd` via `Rscript`).",corebench_hard_hal_generalist_agento4minilow_1755608756_UPLOAD
capsule-2708693,environmental_barrier,1.00,0,"Environmental barrier behavior is present because the run becomes mechanically blocked by missing/invalid execution infrastructure needed to complete the task. Most critically, attempts to execute R fail with a system-level missing dependency: the shell reports `Rscript: not found`, preventing any rendering or running of the RMarkdown as required by the task [T0B170:<RANGE>/bin/sh: 1: Rscript: not found</RANGE>] [T0B285:<RANGE>/bin/sh: 1: Rscript: not found</RANGE>]. This is an external environment defect (no R runtime on PATH) rather than an agent logic error, and it directly prevents completion of the mandated “Run 'preregSR_manuscript.Rmd' and render it as a pdf.” Additionally, the Python tool environment blocks standard file I/O and imports needed for workarounds (e.g., cannot use `open()` [T0B43:<RANGE>Forbidden function evaluation: 'open'</RANGE>] and cannot import `os` [T0B10:<RANGE>Import of os is not allowed.</RANGE>]), further constraining execution in a way unrelated to the agent’s reasoning. While some other failures are agent/tool misuse (e.g., trying to use disallowed imports), the presence of the missing `Rscript` dependency is sufficient evidence that the evaluation environment itself is broken for this task and thus constitutes an environmental barrier.",corebench_hard_hal_generalist_agento4minilow_1755608756_UPLOAD
capsule-2804717,environmental_barrier,1.00,0,"Environmental barrier behavior is present because the run becomes mechanically unrunnable due to evaluation infrastructure limitations rather than agent logic errors. The agent attempts to execute R-based rendering, but the environment lacks R entirely: shell errors show ""/bin/sh: 1: Rscript: not found"" multiple times, preventing any rendering of the Rmd to HTML. [T0B40:<RANGE>/bin/sh: 1: Rscript: not found</RANGE>] Additionally, the agent cannot create the required output directory in the specified location due to filesystem permissions (""mkdir: cannot create directory ‘../results’: Permission denied""), which blocks storing results as required by the task. [T0B40:<RANGE>mkdir: cannot create directory ‘../results’: Permission denied</RANGE>] These are infrastructure-level blockers (missing system dependency and write permission) that prevent completing the mandated execution steps (rendering and saving HTML), so the failure originates from an environmental barrier rather than an internal agent mistake. [T0B40]",corebench_hard_hal_generalist_agento4minilow_1755608756_UPLOAD
capsule-2816027,environmental_barrier,1.00,0,"An environmental barrier was present because the task required running an R script via Rscript, but the execution environment lacked R/Rscript, making the task mechanically unrunnable. When the agent attempted to execute R, the shell returned ""/bin/sh: 2: Rscript: not found"".[T0B118:<RANGE>/bin/sh: 2: Rscript: not found</RANGE>] The agent then tried to initialize/activate conda via the provided script, but even after doing so, Rscript was still unavailable (""bash: line 1: Rscript: command not found"").[T0B124:<RANGE>bash: line 1: Rscript: command not found</RANGE>] This indicates missing system-level tooling (R) or a broken/misconfigured environment setup rather than a logic/syntax error by the agent, and it fully blocked further progress toward computing the GSVA medians as required.",corebench_hard_hal_generalist_agento4minilow_1755608756_UPLOAD
capsule-3262218,environmental_barrier,0.00,0,"No environmental barrier is evidenced; the infrastructure/tools worked and returned normal outputs (e.g., directory listing and file searches succeeded with exit code 0). [T0B37] [T0B43]

The failures shown are due to the agent’s own tool misuse/incorrect assumptions rather than an unrunnable environment: it attempted a disallowed Python import (`from subprocess import PIPE, Popen`) inside the restricted interpreter, causing a policy/tooling error. [T0B33] It then tried to use `inspect_file_as_text` on unsupported/incorrect targets (first a nonexistent/non-regular `README.md`, then an unsupported `.Rmd`), producing expected tool errors rather than infrastructure crashes. [T0B35] [T0B45]

Additionally, the agent never reached the required R rendering step; it shifted to counting grep hits in the source instead of running `Rscript` to render the PDF, which is an agent decision/plan deviation rather than an external block. [T0B55]",corebench_hard_hal_generalist_agento4minilow_1755608756_UPLOAD
capsule-3301293,environmental_barrier,0.00,0,"Environmental barrier behavior is absent because the run was blocked by fixable, agent-level dependency and code-compatibility issues rather than an impassable infrastructure failure. The first failure was a Python syntax error caused by the repository’s outdated code using a now-invalid keyword argument `async=True` in `.cuda(async=True)` under the current Python version, producing `SyntaxError: invalid syntax` and halting execution. [T0B33:<RANGE>input_var = [Variable(_.float()).cuda(async=True) for _ in [c, p, t]]
                                          ^^^^^
SyntaxError: invalid syntax</RANGE>] This is a software compatibility problem in the code, not a broken evaluation harness.

After patching, execution failed due to a missing Python package (`sklearn`), shown by `ModuleNotFoundError: No module named 'sklearn'`. [T0B38:<RANGE>Traceback (most recent call last):
  File ""/home/agent/environment/code/run_prediction.py"", line 16, in <module>
    from sklearn import metrics
ModuleNotFoundError: No module named 'sklearn'</RANGE>] Missing dependencies are resolvable by installing requirements, so they do not constitute an infrastructure-originated, mechanically unrunnable barrier.

The transcript also shows an error from misusing the provided tool environment: importing `matplotlib.pyplot` failed because the sandboxed `python_interpreter` restricts imports, which is a tool misuse rather than a harness crash. [T0B38:<RANGE>Error:
Code execution failed at line 'import matplotlib.pyplot as plt' due to: InterpreterError: Import of matplotlib.pyplot is not allowed. Authorized imports are: ['math', 'datetime', 'queue', 'statistics', 'stat', 'time', 'random', 're', 'itertools', 'collections', 'unicodedata']</RANGE>] Throughout, the shell/tooling remained functional (commands executed and returned outputs), indicating no Docker/container crash or broken system environment. [T0B33] [T0B38]",corebench_hard_hal_generalist_agento4minilow_1755608756_UPLOAD
capsule-3418007,environmental_barrier,,0,,corebench_hard_hal_generalist_agento4minilow_1755608756_UPLOAD
capsule-3449234,environmental_barrier,0.00,0,"Environmental barrier behavior is absent because the failures shown are attributable to the agent’s formatting/tool-usage and execution mistakes rather than an unrunnable or broken evaluation environment. The initial failure was a code-parsing/formatting issue where the snippet didn’t match the required pattern, not an infrastructure problem.[T0B6:<RANGE>Error in code parsing:
Your code snippet is invalid, because the regex pattern ```(?:py|python)?\s*\n(.*?)\n``` was not found in it.</RANGE>] Later, the agent attempted to use a disallowed import in the sandboxed python tool, causing an interpreter restriction error (again, not infrastructure failure):[T0B31:<RANGE>Import from IPython.display is not allowed. Authorized imports are: ['re', 'itertools', 'unicodedata', 'datetime', 'statistics', 'math', 'collections', 'time', 'stat', 'queue', 'random']</RANGE>] Additionally, the top-level README missing was resolved by locating the correct README under a subdirectory, indicating the environment remained functional and the task was still runnable.[T0B9:<RANGE>cat: README.md: No such file or directory</RANGE>] [T0B19:<RANGE>./environment/code:
LICENSE
OnlyLSTM_NEW.py
OnlyLSTM_NEW_oneChannel.py
README.md
main.py
requirements.txt
saver
src
visualize_results.ipynb</RANGE>] No evidence appears of crashed containers, missing system dependencies that break execution, or harness-level failures; the transcript’s errors are agent-caused rather than external blockers.",corebench_hard_hal_generalist_agento4minilow_1755608756_UPLOAD
capsule-3593259,environmental_barrier,0.00,0,"Environmental barrier behavior is absent because the run was not blocked by a broken evaluation harness (e.g., crashed containers, missing system-level dependencies, or tool outages). Instead, failures were attributable to agent/tool misuse and unmet Python-level dependencies within the repository.

The first major error was the agent attempting to use Python file I/O (`open`) inside the restricted `python_interpreter`, which disallowed that function, indicating a tool-usage mistake rather than an infrastructure failure.[T0B7]

Subsequent issues were project/dependency problems and invocation choices: running the report script failed due to missing Python packages like `tabulate` and `matplotlib` (standard pip-installable dependencies), not a broken environment.[T0B28] [T0B52] Later, the run failed because an expected package/module (`physalia`) was not importable, again an application/dependency issue rather than an evaluation infrastructure crash.[T0B60] [T0B90]

Finally, the agent repeatedly failed to complete parsing and answer construction due to restricted imports in `python_interpreter` (e.g., `pandas` and `csv` not allowed) and variable scoping across tool calls, which are agent/tool constraints and mistakes, not an external harness defect.[T0B105] [T0B143] [T0B217] The system continued to execute commands and return outputs throughout, showing the infrastructure remained functional.",corebench_hard_hal_generalist_agento4minilow_1755608756_UPLOAD
capsule-3639589,environmental_barrier,0.00,0,"The transcript does not show evidence of an infrastructure-level failure (e.g., crashed container, broken shell, missing system dependency, or harness error) that made the task mechanically unrunnable. Commands executed via the provided tools returned successfully (e.g., listing files and locating demo.py worked with exit code 0) [T0B7] [T0B10]. The only explicit failure is due to the agent’s own tool misuse: it attempted to use Python’s built-in open() inside the restricted python_interpreter, which raised an InterpreterError indicating open is forbidden [T0B42:<RANGE>InterpreterError: Forbidden function evaluation: 'open' is not among the explicitly allowed tools or defined/imported in the preceding code</RANGE>]. This is an internal agent/tool-usage error rather than an environmental barrier.",corebench_hard_hal_generalist_agento4minilow_1755608756_UPLOAD
capsule-3821950,environmental_barrier,0.00,0,"Environmental barrier behavior is absent because failures were not caused by broken infrastructure (e.g., crashed containers, missing system dependencies, or harness failures), but by the agent repeatedly misusing the provided tools and misunderstanding their constraints. The agent attempted to read files with Python built-ins and disallowed imports, triggering tool-constraint errors such as forbidden imports (e.g., importing subprocess/csv/os) and forbidden file I/O (open), which are agent-caused mistakes rather than environment breakage.[T0B10] [T0B22] [T0B25] [T0B140] Additionally, parsing errors arose from incorrect assumptions about CSV headers/columns (e.g., treating missing indices as valid), again reflecting agent logic issues rather than an unrunnable environment.[T0B28] [T0B90] There is no evidence of infrastructure-level failure like Docker crashes, missing R installation, or shell/harness breakdown preventing execution; instead, the tools continued to function and returned structured errors in response to incorrect usage.[T0B151]",corebench_hard_hal_generalist_agento4minilow_1755608756_UPLOAD
capsule-4180912,environmental_barrier,0.00,0,"The transcript does not show an impassable infrastructure failure (e.g., crashed container, broken harness, missing system dependency that cannot be installed). Instead, all blockers were due to fixable runtime/configuration issues within the repo and the agent’s approach, while the execution environment remained functional: missing Python packages were resolved via pip installs (e.g., scikit-learn, imbalanced-learn) [T0B52] [T0B60:<RANGE>Successfully installed imbalanced-learn-0.14.0</RANGE>]. The main remaining failure was a hardcoded dataset path '/data/diabeticos2.csv' leading to FileNotFoundError [T0B60:<RANGE>FileNotFoundError: [Errno 2] No such file or directory: '/data/diabeticos2.csv'</RANGE>], and an attempted workaround to create /data failed due to permissions [T0B63:<RANGE>mkdir: cannot create directory ‘/data’: Permission denied</RANGE>]. This was mitigated by editing the script to use a relative path, after which the scripts ran successfully and produced the needed metrics [T0B90:<RANGE>The accuracy for the classifiers are

neural network:  0.8514869888475836</RANGE>] [T0B102:<RANGE>the macro f1 score for the classifiers are

DT:  0.47116708516603867
random:  0.48736264142658536</RANGE>]. Thus, there is no evidence of an environmental barrier that made the task mechanically unrunnable; the issues were dependency/path problems and tool misuse (calling file tools inside python_interpreter), not evaluation infrastructure defects [T0B7] [T0B13].",corebench_hard_hal_generalist_agento4minilow_1755608756_UPLOAD
capsule-4252248,environmental_barrier,0.00,0,"No environmental barrier is evidenced. The issues shown are attributable to the agent’s tool misuse and incorrect assumptions about files, not an impassable infrastructure failure. The agent incorrectly invoked a file-reading tool inside the Python interpreter, leading to an error about the path not being a regular file [T0B6] [T0B7]. It then tried to `cat README.md`, but the file simply was not found in the working directory [T0B9] [T0B10]. The shell environment itself worked (e.g., `find` executed successfully and returned files) [T0B12] [T0B13], indicating the evaluation harness was functional rather than blocked by container crashes, missing system dependencies, or harness errors.",corebench_hard_hal_generalist_agento4minilow_1755608756_UPLOAD
capsule-4299879,environmental_barrier,0.00,0,"The run was not blocked by an impassable evaluation-infrastructure defect; the main failures stemmed from the agent’s own tool misuse and incorrect assumptions. The agent first attempted to run shell syntax (bang commands and a bash for-loop) inside the restricted Python tool, causing a syntax error from invalid Python code rather than an environment crash or missing harness capability [T0B6] [T0B7]. Later, the agent attempted to import disallowed libraries (e.g., os) in the restricted python_interpreter, triggering an explicit tool limitation error about unauthorized imports [T0B12] [T0B13]. The agent also invoked inspect_file_as_text on paths that were not regular files (likely because it never verified repository contents), yielding a “Not a regular file” error; this reflects incorrect file handling rather than a broken filesystem or crashed container [T0B16] [T0B17] [T0B21] [T0B22]. While R package installation failed due to library write permissions, this is an execution/configuration issue the agent could likely have addressed (e.g., using a user library) and does not constitute an infrastructure-level barrier that makes the task mechanically unrunnable [T0B10:<RANGE>Warning in install.packages(c(""tidyverse"", ""metafor"", ""boot"", ""lapopdata"",  :
  'lib = ""/usr/local/lib/R/site-library""' is not writable
Error in install.packages(c(""tidyverse"", ""metafor"", ""boot"", ""lapopdata"",  :
  unable to install packages</RANGE>]. Finally, the agent incorrectly called final_answer without the required argument, another agent-side error [T0B26] [T0B27]. Overall, the transcript shows functioning tools and environment with errors attributable to the agent’s command/tool usage, so the environmental barrier behavior is absent.",corebench_hard_hal_generalist_agento4minilow_1755608756_UPLOAD
capsule-4671827,environmental_barrier,1.00,0,"The run was blocked by evaluation-environment limitations rather than the agent’s core logic. The task required saving outputs to ../results, but creating that directory failed with a permission error (""mkdir: cannot create directory ‘../results’: Permission denied""), preventing compliance with the required output location.[T0B31:<RANGE>mkdir: cannot create directory ‘../results’: Permission denied</RANGE>] Additionally, the standard toolchain to execute notebooks via nbconvert was unavailable because the `jupyter` executable was missing (""/bin/sh: 1: jupyter: not found""), blocking the intended execution pathway.[T0B31:<RANGE>/bin/sh: 1: jupyter: not found</RANGE>] These are infrastructure/environment defects (filesystem permissions and missing system-level executable) that make the task mechanically unrunnable as specified, fitting the rubric’s definition of an environmental barrier.[T0B31]",corebench_hard_hal_generalist_agento4minilow_1755608756_UPLOAD
capsule-4728591,environmental_barrier,1.00,0,"The run was blocked by evaluation-environment limitations that prevented the task from being mechanically runnable. First, the base environment lacked R entirely: invoking the required command failed with “Rscript: not found,” indicating the necessary runtime was missing from the harness environment rather than a logic/coding error by the agent.[T0B110:<RANGE>/bin/sh: 1: Rscript: not found</RANGE>] The agent then attempted to install R via apt, but apt operations failed due to insufficient permissions (“Could not open lock file … Permission denied”), showing the environment did not allow system-level dependency installation needed to proceed.[T0B116:<RANGE>E: Could not open lock file /var/lib/apt/lists/lock - open (13: Permission denied)
E: Unable to lock directory /var/lib/apt/lists/</RANGE>] Although the agent worked around this by using conda, the replication still could not complete because required R packages for rendering (e.g., bookdown) were absent and the run halted with “there is no package called ‘bookdown’.”[T0B170:<RANGE>Error in loadNamespace(x) : there is no package called ‘bookdown’</RANGE>] At the end, the agent also discovered expected rendered output paths did not exist (“Not a directory”), consistent with replication not being runnable to completion in the provided environment.[T0B355:<RANGE>ls: cannot access 'environment/code/results/docs': Not a directory</RANGE>] Overall, missing system-level dependencies (R) plus inability to use apt-get to install them constituted an external infrastructure barrier that blocked producing the correct answers.",corebench_hard_hal_generalist_agento4minilow_1755608756_UPLOAD
capsule-4933686,environmental_barrier,1.00,0,"Environmental barrier behavior is present because the run was blocked by missing/disabled system-level tooling and permissions, rather than agent logic errors. The agent could not execute the required command because `xvfb-run` was not installed (`/bin/sh: 1: xvfb-run: not found`).[T0B166:<RANGE>/bin/sh: 1: xvfb-run: not found</RANGE>] Attempts to install it failed due to lack of permissions to use apt (`Could not open lock file ... Permission denied`), preventing remediation.[T0B169:<RANGE>E: Could not open lock file /var/lib/apt/lists/lock - open (13: Permission denied)
E: Unable to lock directory /var/lib/apt/lists/</RANGE>] Additionally, `Rscript` was not available on PATH (`/bin/sh: 1: Rscript: not found`), again blocking execution.[T0B172:<RANGE>/bin/sh: 1: Rscript: not found</RANGE>] Even after working around with conda, the environment still prevented completing the run because required R packages were missing (e.g., `there is no package called ‘psych’`), stopping the script at dependency-loading time.[T0B284:<RANGE>Error in library(x, character.only = TRUE) :
  there is no package called ‘psych’</RANGE>] The agent also encountered further infrastructure limitations such as inability to create a `/code` symlink due to permission denial.[T0B237:<RANGE>ln: failed to create symbolic link '/code': Permission denied</RANGE>] These issues are external execution-environment constraints (missing executables, blocked package manager, permission restrictions) that made the task mechanically unrunnable within the harness.",corebench_hard_hal_generalist_agento4minilow_1755608756_UPLOAD
capsule-5136217,environmental_barrier,1.00,0,"Environmental barrier behavior is present because the run became mechanically unrunnable due to missing system-level tooling required by the task. When attempting to execute the required R scripts via Rscript, the environment returned that Rscript was not available (""/bin/sh: 1: Rscript: not found""), preventing any R code execution and thus blocking generation of the figures/tables needed to answer the questions. [T0B56:<RANGE>/bin/sh: 1: Rscript: not found</RANGE>] This is an infrastructure/dependency absence rather than an agent logic or syntax error, and it fully prevents completing the required workflow (running all .R scripts). Additionally, attempts to inspect .R scripts via the provided file inspection tool failed because the harness does not support .R formats (""UnsupportedFormatException... formats ['.R'] are not supported""), further limiting progress through no fault of agent code correctness. [T0B59:<RANGE>UnsupportedFormatException: Could not convert 'environment/code/8_usage_tables.R' to Markdown. The formats ['.R'] are not supported.</RANGE>]",corebench_hard_hal_generalist_agento4minilow_1755608756_UPLOAD
capsule-6003668,environmental_barrier,0.00,0,"The transcript does not show an infrastructure-level failure that makes the task mechanically unrunnable; instead, the observed errors stem from the agent’s own tool misuse and command formatting. The agent first tried to read `README.md` via `inspect_file_as_text` and got `PureError: Not a regular file`, indicating a path/usage issue rather than a system crash or missing dependency in the harness [T0B7]. It then attempted to use a disallowed import (`import os`) inside the restricted `python_interpreter`, triggering an interpreter policy error (again, not an environmental breakdown) [T0B10]. Later, a failure occurred because the agent provided a bash code block that did not match the required tool-call pattern, producing a parsing error about a missing regex pattern—this is a formatting/tooling mistake by the agent, not an evaluation infrastructure defect [T0B12] [T0B24]. After switching approaches, the environment and tools continued functioning (e.g., `ls -R`, `cat`, and `sed` commands succeeded and returned expected outputs) [T0B21] [T0B31] [T0B37] [T0B61]. There is no evidence of Docker crashes, broken shells, missing system-level dependencies reported by the harness, or other external blockers; thus environmental barrier behavior is absent.",corebench_hard_hal_generalist_agento4minilow_1755608756_UPLOAD
capsule-6049678,environmental_barrier,0.00,0,"The run encountered execution errors, but they stemmed from the agent’s approach and project dependency/version issues rather than an impassable evaluation-infrastructure failure. The first failure was the agent calling a file-reading tool via the Python interpreter, producing a “Not a regular file” error for README.md, which is tool misuse/incorrect assumption about repository layout rather than a broken environment. [T0B16] [T0B17:<RANGE>PureError: Not a regular file</RANGE>]. Later, `Main.py` failed due to missing Python dependencies (e.g., SciPy) and an incompatibility with NumPy 2.x (`np.recfromtxt` removal). These are dependency/version problems within the repository’s software stack; they were partially addressed by installing SciPy and patching the code, showing the environment was functional and runnable. [T0B34:<RANGE>ModuleNotFoundError: No module named 'scipy'</RANGE>] [T0B37:<RANGE>AttributeError: `np.recfromtxt` was removed in the NumPy 2.0 release. Use `np.genfromtxt` instead.</RANGE>] [T0B54:<RANGE>Successfully replaced content in environment/code/Main.py</RANGE>]. There is no evidence of infrastructure crashes, broken Docker/shell, missing system-level dependencies that cannot be installed, or harness errors that mechanically prevent execution; instead, issues were attributable to runtime dependencies and code compatibility, which are not categorized as an environmental barrier under the rubric.",corebench_hard_hal_generalist_agento4minilow_1755608756_UPLOAD
capsule-7186268,environmental_barrier,1.00,0,"Environmental barriers prevented the task from being runnable. The agent could not execute the core requirement (rendering an Rmd via Rscript) because R was not installed: shell output showed ""/bin/sh: 1: Rscript: not found"" when attempting to install R packages and render the document.[T0B34:<RANGE>/bin/sh: 1: Rscript: not found</RANGE>] Attempts to install R via apt failed due to lack of permissions to acquire apt/dpkg locks (""Permission denied"" / ""are you root?"").[T0B66:<RANGE>E: Could not open lock file /var/lib/apt/lists/lock - open (13: Permission denied)
E: Unable to lock directory /var/lib/apt/lists/</RANGE>] [T0B66:<RANGE>E: Could not open lock file /var/lib/dpkg/lock-frontend - open (13: Permission denied)
E: Unable to acquire the dpkg frontend lock (/var/lib/dpkg/lock-frontend), are you root?</RANGE>] Additionally, the required output directory location was not writable: creating ../results failed with ""Permission denied,"" blocking the specified storage location.[T0B34:<RANGE>mkdir: cannot create directory ‘../results’: Permission denied</RANGE>] These are infrastructure/environment permission and missing-dependency failures that mechanically block completion rather than agent logic errors.",corebench_hard_hal_generalist_agento4minilow_1755608756_UPLOAD
capsule-7716865,environmental_barrier,1.00,0,"The run was blocked by missing evaluation-environment infrastructure needed to execute the task: `Rscript` was not available on PATH, causing command execution to fail with `/bin/sh: 1: Rscript: not found` when attempting to render the RMarkdown and extract the table value.[T0B104] The agent then tried to activate a conda environment to obtain R, but the referenced environment did not exist, yielding `EnvironmentNameNotFound: Could not find conda environment: r-env`, preventing further progress.[T0B106] These are external, system-level setup issues (missing R runtime / missing configured environment) rather than a code logic error in the analysis itself, and they mechanically prevented running `manuscript.Rmd` and producing the required PDF and Table 1 value.[T0B93]",corebench_hard_hal_generalist_agento4minilow_1755608756_UPLOAD
capsule-8234136,environmental_barrier,1.00,0,"The run was blocked by infrastructure/environment incompatibilities that made the task mechanically unrunnable rather than by agent logic alone. Dependency installation via the repository’s requirements failed because `matplotlib==3.3.2` could not build/install in the provided Python environment (the pip process errors out during `python setup.py egg_info`).[T0B66:<RANGE>Collecting matplotlib==3.3.2 (from -r requirements.txt (line 5))
  Downloading matplotlib-3.3.2.tar.gz (37.9 MB)
     ━━━━━━━━━━━━━━━━━━━━━━━━━━━━━━━━━━━━━━━━ 37.9/37.9 MB 73.1 MB/s  0:00:00
  Preparing metadata (setup.py): started
  Preparing metadata (setup.py): finished with status 'error'

Stderr:
  error: subprocess-exited-with-error

  × python setup.py egg_info did not run successfully.
  │ exit code: 1</RANGE>]. Because requirements could not be installed, `main.py` and `grapher.py` could not run due to missing modules (`joblib` for `main.py`, `matplotlib` for `grapher.py`).[T0B61:<RANGE>ModuleNotFoundError: No module named 'joblib'</RANGE>][T0B61:<RANGE>ModuleNotFoundError: No module named 'matplotlib'</RANGE>]. As a result, no output directories/files were produced (e.g., `results` and `logs` directories were missing), preventing extraction of “average energy” and “average wait time” metrics.[T0B66:<RANGE>ls: cannot access 'environment/code/results': No such file or directory</RANGE>][T0B72:<RANGE>ls: cannot access 'environment/code/logs': No such file or directory</RANGE>]. These failures stem from dependency/build and environment configuration issues (Python/package compatibility), not from incorrect commands or code edits by the agent, so the environmental barrier behavior is present.",corebench_hard_hal_generalist_agento4minilow_1755608756_UPLOAD
capsule-8536428,environmental_barrier,0.00,0,"The run fails due to the agent’s tool misuse and sandbox limitations rather than an infrastructure-level breakdown. The first failure is a code-parsing error caused by providing a bash code block instead of the required python-format tool call, which is an agent formatting/tool-usage mistake, not a broken environment [T0B6:<RANGE>Error in code parsing:
Your code snippet is invalid, because the regex pattern ```(?:py|python)?\s*\n(.*?)\n``` was not found in it.</RANGE>]. Later, the agent attempts to use `python_interpreter` to call `execute_bash`, but output handling is incorrect (it prints `None`), again indicating misuse rather than system failure [T0B9]. The agent then tries importing `os` in the restricted `python_interpreter`, which fails because `os` is not an allowed import—this is a known sandbox restriction and an agent error in choosing the wrong tool, not an impassable evaluation infrastructure defect [T0B21:<RANGE>InterpreterError: Import of os is not allowed. Authorized imports are: ['stat', 'time', 'itertools', 'datetime', 'random', 'statistics', 'math', 'collections', 're', 'unicodedata', 'queue']</RANGE>]. Meanwhile, the environment itself remains functional: bash commands run and return outputs (e.g., locating `requirements.txt` and listing many `.py` files) [T0B34] [T0B37]. No evidence appears of crashes, missing system dependencies, or harness errors that make the task mechanically unrunnable.",corebench_hard_hal_generalist_agento4minilow_1755608756_UPLOAD
capsule-8807709,environmental_barrier,0.00,0,"The failures shown are primarily due to the agent misusing the tool interface and sandbox limitations, not an impassable infrastructure defect. The agent repeatedly tried to run bash snippets directly, triggering a harness parsing error about the expected code pattern, indicating tool-format misuse rather than a broken environment.[T0B12] The agent also attempted disallowed imports in the restricted Python tool (e.g., `from __future__ import print_function`, `import subprocess`), producing explicit interpreter policy errors rather than system failures.[T0B7] Later, the agent tried to read/modify `environment/config.ini` using unsupported methods: the file-inspection tool does not support `.ini` files and returned an UnsupportedFormatException,[T0B71] and the Python sandbox forbids `open`, again a tool restriction rather than an infrastructure crash.[T0B94] When the agent finally ran `epidemic.py`, it failed with `ModuleNotFoundError: No module named 'networkx'`, which is a missing dependency/installation issue attributable to the agent installing the wrong requirements (root requirements unrelated to the code) rather than a broken harness.[T0B164] There is no evidence of Docker/container crashes, broken shells, or evaluation harness defects that made the task mechanically unrunnable; the environment remained responsive and executed commands successfully (e.g., listing directories, installing packages).",corebench_hard_hal_generalist_agento4minilow_1755608756_UPLOAD
capsule-9052293,environmental_barrier,1.00,0,"An environmental barrier is present because the run becomes mechanically blocked by a tool/runtime incompatibility that prevents successfully running the required `script.py` as written. After installing `xlrd`, running the script fails due to `xlrd` not supporting `.xlsx` files (`XLRDError: Excel xlsx file; not supported`), which is an external dependency limitation rather than a logic/syntax error in the agent’s commands.[T0B111:<RANGE>xlrd.biffh.XLRDError: Excel xlsx file; not supported</RANGE>] Downgrading `xlrd` still fails due to a Python/library compatibility issue (`AttributeError: 'ElementTree' object has no attribute 'getiterator'`), again blocking execution of `script.py` in the environment.[T0B114:<RANGE>AttributeError: 'ElementTree' object has no attribute 'getiterator'</RANGE>] These infrastructure/dependency problems prevent generating the intended output file and therefore prevent completing the task via the required script execution path.[T0B114:<RANGE>head: cannot open 'results/output_TCNS_ANP_TOPSIS.txt' for reading: No such file or directory</RANGE>]",corebench_hard_hal_generalist_agento4minilow_1755608756_UPLOAD
capsule-9054015,environmental_barrier,0.00,0,"Environmental barrier behavior is absent because the primary blockers were due to the agent’s own execution/context mistakes and tool misuse rather than an impassable infrastructure failure. The run initially failed to execute the target script because R was not installed/available (""/bin/sh: 1: Rscript: not found""), but this was resolved by installing R packages via conda, showing the environment was workable rather than broken. [T0B17:<RANGE>/bin/sh: 1: Rscript: not found</RANGE>] [T0B90:<RANGE>## Package Plan ##

  environment location: /home/agent/miniconda3/envs/agent_env</RANGE>]

Subsequent failures were caused by running the R script from the wrong working directory, making relative paths to data invalid (it looked in '/home/agent' instead of 'environment/code'), which is an agent-side mistake. [T0B90:<RANGE>Error: '../data/seer_merged_2000-2002_followup=15_2021-05-13.csv' does not exist in current working directory ('/home/agent').</RANGE>]

Later, the R run failed because the expected output directory did not exist (""Cannot open file for writing""), again a repo/runtime setup issue the agent needed to address (creating the correct directory), not a harness crash or missing system dependency that could not be repaired. [T0B102:<RANGE>Error: Cannot open file for writing:
* '../results/table1_2021-05-15.csv'</RANGE>] The agent then recognized the correct directory should be 'environment/results', indicating the issue was resolvable configuration. [T0B106:<RANGE>The R script is still trying to write results to `../results`, which is `environment/results` relative to `environment/code`.</RANGE>]

The agent also misused tools: attempting to read .R via a text-inspection tool that doesn’t support .R files, and trying to import disallowed modules / use forbidden eval inside the restricted python tool, both of which are agent/tool-usage errors rather than infrastructure barriers. [T0B57:<RANGE>UnsupportedFormatException: Could not convert 'environment/code/pancancer_calculation.R' to Markdown. The formats ['.R'] are not supported.</RANGE>] [T0B10:<RANGE>InterpreterError: Import of os is not allowed.</RANGE>] [T0B102:<RANGE>InterpreterError: Import of json is not allowed.</RANGE>] [T0B105:<RANGE>InterpreterError: Forbidden function evaluation: 'eval' is not among the explicitly allowed tools</RANGE>]

Overall, the environment remained functional (conda installs worked; R could be run), and the blocking issues were fixable and largely attributable to agent mistakes or incomplete setup steps, not an unrecoverable evaluation-infrastructure defect.",corebench_hard_hal_generalist_agento4minilow_1755608756_UPLOAD
capsule-9137200,environmental_barrier,0.00,0,"The failures shown are due to the agent’s own tool misuse and missing project-level Python dependencies, not an impassable infrastructure or harness defect. The run repeatedly fails because the agent calls tools incorrectly (e.g., trying to use `inspect_file_as_text` inside `python_interpreter`, and later using a bash-formatted code block that the harness cannot parse), which are agent-caused issues rather than environment crashes or broken shells. This is evidenced by tool errors like “Import of os is not allowed” when the agent tries to import disallowed modules in the restricted interpreter [T0B10:<RANGE>Code execution failed at line 'import os' due to: InterpreterError: Import of os is not allowed. Authorized imports are: ['unicodedata', 'time', 'statistics', 'random', 'queue', 'math', 'datetime', 'collections', 'itertools', 'stat', 're']</RANGE>] and a parsing error caused by providing a bash snippet instead of the required python code blob [T0B27:<RANGE>Your code snippet is invalid, because the regex pattern ```(?:py|python)?\s*\n(.*?)\n``` was not found in it.</RANGE>]. When the agent finally runs the target script, it fails with `ModuleNotFoundError` for `matplotlib` and then `torch`, indicating unmet dependencies in the runtime environment rather than a broken evaluation harness [T0B55:<RANGE>ModuleNotFoundError: No module named 'matplotlib'</RANGE>] [T0B79:<RANGE>ModuleNotFoundError: No module named 'torch'</RANGE>]. These are resolvable by installing packages (and the agent successfully installs matplotlib) [T0B79:<RANGE>Successfully installed contourpy-1.3.3 cycler-0.12.1 fonttools-4.59.1 kiwisolver-1.4.9 matplotlib-3.10.5 pyparsing-3.2.3</RANGE>], so the task is not mechanically unrunnable due to infrastructure failure. Therefore, the environmental barrier behavior is absent.",corebench_hard_hal_generalist_agento4minilow_1755608756_UPLOAD
capsule-9240688,environmental_barrier,1.00,0,"The run was blocked by evaluation/infrastructure constraints rather than an impasse caused by the agent’s task logic. First, the harness repeatedly rejected the agent’s attempts to run shell commands due to a formatting/parser constraint (it required a Python code block pattern, causing “Error in code parsing” when the agent provided bash snippets) [T0B6:<RANGE>Error:
Error in code parsing:
Your code snippet is invalid, because the regex pattern ```(?:py|python)?\s*\n(.*?)\n``` was not found in it.</RANGE>] [T0B30:<RANGE>Error:
Error in code parsing:
Your code snippet is invalid, because the regex pattern ```(?:py|python)?\s*\n(.*?)\n``` was not found in it.</RANGE>]. Second, even when the agent tried to return a final answer through tool execution, the restricted python sandbox disallowed a standard-library import (“typing”), producing an interpreter-level authorization error unrelated to the target repo or experiment execution [T0B70:<RANGE>InterpreterError: Import from typing is not allowed. Authorized imports are: ['datetime', 'unicodedata', 'random', 're', 'queue', 'math', 'itertools', 'collections', 'time', 'statistics', 'stat']</RANGE>]. Additionally, the required `run.sh` script (explicitly mandated by the task) was not present in the working directory listing, making the task mechanically unrunnable as specified [T0B24:<RANGE>Stdout:
__pycache__
agent_args.json
agent_trace.log
downloads
environment
init_conda.sh
input.json
main.py
mdconvert.py
miniconda3
model_prices.py
requirements.txt
run_agent.py
setup_vm.sh</RANGE>] [T0B1]. These factors indicate an environmental barrier: harness/script availability and execution constraints prevented running the required pipeline to obtain Figure 3/Table 1 values.",corebench_hard_hal_generalist_agento4minilow_1755608756_UPLOAD
capsule-9660931,environmental_barrier,0.00,0,"The run failures were caused by the agent misusing tools and including invalid Python syntax, not by an infrastructure/harness defect. The agent attempted to run shell commands (e.g., pip/jupyter) inside the Python tool using notebook-style `!` syntax, producing a SyntaxError.[T0B7:<RANGE>Code parsing failed on line 2 due to: SyntaxError
!pip install -r requirements.txt</RANGE>] Later, it again produced a SyntaxError by accidentally pasting literal output (`97.85%`) into code submitted to the Python tool.[T0B10:<RANGE>Code parsing failed on line 24 due to: SyntaxError
97.85%</RANGE>] Another failure occurred because the agent tried to use Python `open()` within `python_interpreter`, which is disallowed in this evaluation environment; this is a known tool restriction and was not shown as a crash or missing system dependency preventing all progress.[T0B13:<RANGE>InterpreterError: Forbidden function evaluation: 'open' is not among the explicitly allowed tools or defined/imported in the preceding code</RANGE>] No evidence shows Docker/container crashes, broken shell environments, missing system-level dependencies, or harness errors that made the task mechanically unrunnable; the issues stem from command/tool misuse and violating tool constraints.[T0B7] [T0B10] [T0B13]",corebench_hard_hal_generalist_agento4minilow_1755608756_UPLOAD
capsule-9832712,environmental_barrier,1.00,0,"The run was blocked by evaluation-environment limitations rather than agent logic. `Rscript` was not available in the shell environment (`/bin/sh: 1: Rscript: not found`), preventing execution of the required `master_script.R` and thus making the task mechanically unrunnable as specified.[T0B37:<RANGE>/bin/sh: 1: Rscript: not found</RANGE>] The agent then attempted to install R via `apt-get`, but the package manager could not acquire locks due to insufficient permissions (`Could not open lock file ... Permission denied`), which is an infrastructure/permissions barrier outside the agent’s control.[T0B54:<RANGE>E: Could not open lock file /var/lib/apt/lists/lock - open (13: Permission denied)
E: Unable to lock directory /var/lib/apt/lists/</RANGE>] Because R could not be installed and `Rscript` remained unavailable, the required script could not be run and outputs could not be generated.[T0B54:<RANGE>Exit Code: 127</RANGE>]",corebench_hard_hal_generalist_agento4minilow_1755608756_UPLOAD
capsule-9911222,environmental_barrier,0.00,0,"The transcript does not show an infrastructure-level failure that made the task mechanically unrunnable; instead, the errors stem from the agent’s tool misuse and unsupported file/tool choices. The agent attempted to read a non-existent/mis-targeted README path and got “Not a regular file,” indicating a path/assumption issue rather than a broken environment [T0B7:<RANGE>PureError: Not a regular file</RANGE>]. The agent then tried to use disallowed Python imports inside the restricted interpreter (subprocess, os), which is explicitly an agent-side misuse of the provided tool constraints, not an environmental barrier [T0B10:<RANGE>InterpreterError: Import of subprocess is not allowed. Authorized imports are: ['math', 'datetime', 'time', 'itertools', 'stat', 'statistics', 'unicodedata', 'random', 'collections', 'queue', 're']</RANGE>] [T0B47:<RANGE>InterpreterError: Import of os is not allowed. Authorized imports are: ['math', 'datetime', 'time', 'itertools', 'stat', 'statistics', 'unicodedata', 'random', 'collections', 'queue', 're']</RANGE>]. Another failure occurred because the agent used a file-inspection tool that does not support .Rmd, which again reflects tool misuse rather than a broken harness [T0B22:<RANGE>UnsupportedFormatException: Could not convert 'environment/code/OncoBird/vignettes/OncoBird.Rmd' to Markdown. The formats ['.Rmd'] are not supported.</RANGE>]. Finally, the agent never actually installed R dependencies or rendered the vignette to PDF as required, and instead guessed an answer, which is a reasoning/process failure rather than an environmental barrier [T0B55:<RANGE>Given that the vignette highlights two mutually exclusive modules</RANGE>].",corebench_hard_hal_generalist_agento4minilow_1755608756_UPLOAD
