task_id,criteria,grade,correct,explanation,model_run
11,scicode,0.00,0,"existence_reasoning: A formation deficiency exists in the benchmark/evaluation setup: the code parser requires a very specific fenced-code regex pattern (it errors when not found) that is not part of the stated ""RESPONSE GUIDELINES"" (which only say ""Ensure your response is in the format of ```python```""), and it appears to reject plain-text follow-ups even when the code was already provided earlier. This creates an extra unstated constraint on every assistant turn. Additionally, earlier in the task series the provided function header/docstring mismatch for `ket` (header `def ket(dim):` but docstring mentions `args`) is an underspecified interface, though later the benchmark text itself shows `ket(dim, args)` so this is partially corrected in subsequent steps. | causation_reasoning: Despite the existence of the parser constraint, the run ultimately failed due to the agent repeatedly responding with non-code text after having already produced correct code blocks, triggering the harness’s regex error. The deficiency did not make the task unsolvable for a competent agent; the agent could (and did, multiple times) comply by always returning a fenced python code block. The proximate cause of failure was the agent’s later formatting violation (plain-text summary) rather than an unavoidable benchmark flaw. | evidence: Harness error showing hidden formatting constraint: ""Error in code parsing: Your code snippet is invalid, because the regex pattern ```(?:py|python)?\s*\n(.*?)\n``` was not found in it."" Example offending output was plain text: ""The function `multi_rail_encoding_state` has been fully implemented. It ..."" Similar repeated error: ""Here is your code snippet: tensor function implemented."" and later: ""Implemented `output_state` function that: ..."" and: ""Implemented `partial_trace` function that: ..."" These indicate the agent violated the harness’s required fenced-code pattern; when the agent did provide code blocks (e.g., for `output_state`, `measurement`, `syspermute`, `partial_trace`, `entropy`, `coherent_inf_state`, `rate`), parsing succeeded (""Last output ... <function create_function...>"").",scicode_hal_generalist_agent_o320250416_1750127070_UPLOAD
12,scicode,1.00,0,"existence_reasoning: The evaluation harness appears to require that the assistant response contain a fenced code block matching a specific regex: ```(?:py|python)?\s*\n(.*?)\n```. This constraint is not part of the user-facing task instructions for the scientific coding steps and is enforced by the benchmark/evaluator. The harness fails hard (code parsing error) if the assistant outputs any prose without an accompanying code fence in that exact pattern. This is a benchmark formation/scaffolding deficiency because it introduces an external formatting requirement that is not consistently enforced/communicated as part of the task itself, and it can invalidate otherwise correct solutions solely due to output formatting. | causation_reasoning: The run is marked failed due to the evaluator rejecting the assistant's response format (missing the required code fence), not due to incorrect physics/math or Python logic. The assistant did provide correct code earlier for the same function, but then added a prose-only message, which triggered the evaluator's regex-based parser failure. Because the grading apparatus terminates on this formatting mismatch, the failure was proximately caused by the benchmark's brittle parsing requirement rather than by an inherent inability to solve the task. | evidence: Evaluator error: ""Error in code parsing: Your code snippet is invalid, because the regex pattern ```(?:py|python)?\s*\n(.*?)\n``` was not found in it."" It then prints the assistant's prose-only snippet beginning ""Implemented `extrapolate_polyfit`:"" and instructs: ""Make sure to include code with the correct pattern"". A second identical parsing failure occurs later after a prose-only message: ""Here is your code snippet: Implemented `calculate_charge_density_Hartree`, which:"". Final metadata: ""\""failed\"": true"".",scicode_hal_generalist_agent_o320250416_1750127070_UPLOAD
13,scicode,1.00,0,"existence_reasoning: The benchmark/evaluation harness imposes an undocumented, nonstandard response-format regex requirement that is stricter than the task's own stated ""RESPONSE GUIDELINES"". The harness rejects otherwise-correct solutions if the assistant responds without a fenced code block matching a particular regex. This is a formation deficiency because it is a flaw in the evaluation apparatus/template expectations rather than in the solvability of the coding task itself. Additionally, the harness gives inconsistent directions about required wrapper text (e.g., ""Thoughts:"" / ""Code:"" / ""<end_code>"") that are not part of the original problem spec, creating a double-bind where an agent following the stated guidelines can still fail parsing. | causation_reasoning: Yes. The run is marked failed due to repeated ""code parsing"" errors from the harness when the assistant produced a natural-language confirmation message instead of (or after) the required fenced code blob. This failure is directly triggered by the harness's regex-based parsing requirement, not by the algorithmic correctness of the implemented functions. When the assistant did provide code blocks, those steps executed (returning function objects), indicating the implementations were accepted; the failures occurred specifically when the harness could not find the expected code-block pattern. Therefore, the intrinsic evaluation/template deficiency was the proximate cause of the final failure status. | evidence: Multiple harness errors show format-regex enforcement unrelated to task requirements, e.g.:
- ""Error in code parsing: Your code snippet is invalid, because the regex pattern ```(?:py|python)?\s*\n(.*?)\n``` was not found in it."" (triggered after assistant text: ""Implemented `symmetry` function..."")
- Same parsing error after assistant text: ""Implemented the `update_fields` function..."" and later: ""The `stepper` function implementing... has been provided..."" and: ""The `integrate` function has been implemented.""
These demonstrate failure due to response-format parsing, not computation. The run metadata ends with ""\""failed\"": true"" while code blocks earlier were accepted (e.g., logs like ""Last output from code snippet: <function create_function.<locals>.new_func ...>"").",scicode_hal_generalist_agent_o320250416_1750127070_UPLOAD
14,scicode,0.00,0,"existence_reasoning: The benchmark text is underspecified/ambiguous about key scientific details. It states: ""the initial position and velocity of the microsphere follow the Maxwell distribution."" Maxwell(-Boltzmann) is standard for velocity components, but not for position in a harmonic trap (which is Gaussian with variance kT/(m*omega0^2)). The prompt also says: ""The simulation step-size should be smaller than t0/steps"" while simultaneously only providing an integrator that uses dt=t0/steps (via its `steps` argument) and does not expose a smaller internal dt unless the caller increases `steps` (which changes dt). This creates ambiguity about what the grader expects regarding initial-condition sampling and step-size handling. | causation_reasoning: The agent's code for `calculate_msd` is plausible and consistent with typical physics conventions (Gaussian x0 with std=vrms/omega0; Gaussian v0 with std=vrms). However, the trace provides no runtime error or explicit mismatch against an expected output; the only ""Observation"" shown is that the code snippet produced a function object. Thus we cannot attribute the recorded task failure to the benchmark's ambiguity. The run is marked failed, but there is no evidence the failure was due to the underspecification rather than evaluation expectations or other hidden tests. Therefore causation is not established. | evidence: Ambiguous requirement: ""the initial position and velocity of the microsphere follow the Maxwell distribution."" Step-size requirement: ""The simulation step-size should be smaller than t0/steps"" while the provided integrator uses ""dt = t0 / steps"" internally. No concrete error shown; only: ""Last output from code snippet: <function create_function.<locals>.new_func ...>"" and metadata: ""failed"": true.",scicode_hal_generalist_agent_o320250416_1750127070_UPLOAD
15,scicode,1.00,0,"existence_reasoning: The benchmark instructions for the second step require the agent to implement only `crank_nicolson` and to not include imports at the beginning, implying the harness controls imports and provides dependencies. However, the provided context for the second step includes `init_AB` code with imports, and the agent is expected to call `init_AB`. The evaluation harness appears to execute the submitted snippet in isolation, without guaranteeing that `init_AB` and required symbols (`np`, `linalg`) are available unless the agent re-imports them or redefines `init_AB`—which conflicts with the 'do not include previous function code' / 'do not include these dependencies at the beginning' guidance. This creates an intrinsic mismatch between what the task asks (implement only the next function relying on prior steps) and what the harness likely evaluates (a standalone snippet needing all dependencies). | causation_reasoning: The run is marked failed, and the final submitted answer defines only `crank_nicolson` but relies on external names `init_AB`, `np`, and `linalg` that are not defined within that snippet. If the harness evaluates only the final snippet (as is typical in these benchmarks), it will raise `NameError` for these missing symbols. This failure would occur even for a perfect agent that followed the guideline 'DO NOT include previous function code' and avoided adding imports, because the benchmark does not reliably provide the needed prior definitions in the evaluation context. | evidence: Final answer snippet defines only `def crank_nicolson(...)` and calls `A, B = init_AB(N, L, h)` plus uses `np.linspace`, `np.exp`, and `linalg.lu_factor/lu_solve`, but contains no imports or `init_AB` definition.

Task guidance: ""DO NOT include previous function code"" and ""Use only the following dependencies... Do not include these dependencies at the beginning of your code.""

Earlier parsing error shows harness sensitivity to formatting and isolated snippet extraction: ""regex pattern ... was not found"".

Run metadata indicates failure: ""failed"": true.",scicode_hal_generalist_agent_o320250416_1750127070_UPLOAD
16,scicode,1.00,0,"existence_reasoning: The benchmark simultaneously (a) requires using NumPy (e.g., “normally distributed random number generated by numpy”) and provides function bodies that reference `np`, while (b) instructs: “Use only the following dependencies in your solution. Do not include these dependencies at the beginning of your code.” If the evaluation harness executes only the submitted function block (common in such tasks) without pre-importing `numpy as np`, then any correct implementation that uses `np` will raise `NameError`. Conversely, importing `numpy` inside the submission violates the benchmark’s explicit instruction. This is an intrinsic double-bind: the spec makes it ambiguous/impossible to both follow instructions and have executable code in a generic harness. | causation_reasoning: The run is marked failed despite the agent providing a reasonable Davidson implementation. The repeated “Last output from code snippet: <function create_function.<locals>.new_func ...>” indicates the harness is compiling/extracting a function from the provided snippet rather than actually running a full program. In that setting, forbidding imports while expecting `np` usage is a direct cause of failure: the function would not have access to `np` unless the harness injects it, which the task text does not guarantee and in many evaluators is not done. Thus the intrinsic dependency/template contradiction is the most plausible proximate cause of the recorded failure rather than an algorithmic mistake. | evidence: Conflicting instructions: “Use only the following dependencies in your solution. Do not include these dependencies at the beginning of your code.\n\nimport math\nimport numpy as np” while the required code necessarily uses NumPy. The harness behavior suggests function-only extraction: “Last output from code snippet: <function create_function.<locals>.new_func at ...>”. The run metadata shows failure: '""failed"": true'.",scicode_hal_generalist_agent_o320250416_1750127070_UPLOAD
17,scicode,1.00,0,"existence_reasoning: The benchmark’s evaluation harness expects the assistant’s response to include a fenced code block matching a specific regex pattern, but the task’s own RESPONSE GUIDELINES specify a different required format (```python``` only) and do not mention the harness-specific ""Thoughts/Code"" wrapper or the required <end_code> tag. This mismatch can cause correct solutions to be rejected purely due to formatting, independent of algorithmic correctness. | causation_reasoning: The agent’s first implementation of the function was rejected despite being valid Python because it did not include a code block in the exact format the parser expected at that moment (it responded with prose, not a fenced block). The failure was triggered by the evaluator’s regex-based parsing requirement rather than a substantive coding error, demonstrating the formation deficiency as the proximate cause. | evidence: Evaluator error: ""Error in code parsing: Your code snippet is invalid, because the regex pattern ```(?:py|python)?\s*\n(.*?)\n``` was not found in it."" The snippet shown was prose: ""The `init_eji_array` routine is fully implemented..."" Task guideline conflict: ""Ensure your response is in the format of ```python```."" vs parser demanding a particular regex and example: ""Thoughts: ... Code: ```py ... ```<end_code>""",scicode_hal_generalist_agent_o320250416_1750127070_UPLOAD
18,scicode,0.00,0,"existence_reasoning: The benchmark instructions contain structural issues: (1) they say “Use only the following dependencies… Do not include these dependencies at the beginning of your code” while also listing `import numpy as np`, creating ambiguity about whether imports are allowed in the solution body; (2) the NURBS task requires `Bspline` but the response guidelines say “DO NOT include previous function code,” meaning the function must rely on external context/harness to provide `Bspline`—a potential scaffolding dependency; and (3) the 2D-to-1D weight indexing convention for `w` is not specified (row-major vs column-major), which is a genuine underspecification that can lead to mismatched expected outputs. | causation_reasoning: The trace does not show a runtime error or a direct mismatch attributable to these deficiencies. The only “Observation” outputs are function object representations, not failures (e.g., `<function create_function.<locals>.new_func ...>`), and no assertion/output comparison is shown. The agent’s final `NURBS_2D` includes an internal `import numpy as np`, which may violate the benchmark’s formatting rule, but that is an agent compliance choice rather than an unavoidable benchmark defect. Also, the agent assumed a specific flattening for `w` (`idx = a*n_2 + b`), which could be wrong if the hidden tests expect another convention; however, because the benchmark never specifies the convention, we cannot conclude the failure (which is not evidenced) was caused by the benchmark rather than by the agent’s guess. Therefore, deficiency exists, but causation is not established from the provided trace. | evidence: Dependency ambiguity: “Use only the following dependencies… Do not include these dependencies at the beginning of your code.\n\nimport numpy as np”.
Scaffolding reliance: NURBS_2D implementation must call `Bspline`, but instructions also say “DO NOT include previous function code”.
Underspecified indexing: input `w : array storing NURBS weights, 1d array` with no mapping definition.
Agent included forbidden-style import inside function: `import numpy as np` inside `NURBS_2D`.
No explicit failure shown: repeated observations only show `<function create_function.<locals>.new_func at ...>` with no error traceback or test mismatch.",scicode_hal_generalist_agent_o320250416_1750127070_UPLOAD
2,scicode,1.00,0,"existence_reasoning: The benchmark explicitly requires using `from scipy.integrate import simps`, but the execution environment’s SciPy does not provide `simps` under `scipy.integrate`. This is an intrinsic mismatch between the stated dependency/interface and what is available at runtime. Any agent following the benchmark’s dependency instruction literally will hit an import/attribute error before executing any solution logic. | causation_reasoning: The agent’s initial attempt failed directly due to the missing `simps` attribute exactly as required by the prompt. Although the agent later worked around the issue by removing SciPy usage / adding a fallback, the run is marked failed; the proximate cause shown in the trace is the environment’s inability to satisfy the benchmark-mandated dependency. If `simps` were available as specified, the first implementation would not have crashed at import time. | evidence: Prompt dependency requirement: ""import numpy as np\nfrom scipy.integrate import simps"". Runtime failure: ""Code execution failed at line 'from scipy.integrate import simps' due to: InterpreterError: Module scipy.integrate has no attribute simps"".",scicode_hal_generalist_agent_o320250416_1750127070_UPLOAD
20,scicode,0.00,1,"existence_reasoning: The benchmark instructions, dependencies, and function headers are consistent and solvable in the given environment. The required parsing format (a fenced code block matching the regex) is clearly enforced by the harness error message and is not contradictory with the prompt’s “Ensure your response is in the format of ```python```.” No missing constants, unavailable libraries, or ambiguous specifications prevent a correct implementation. | causation_reasoning: There was no task failure in the final run (agent_run_metadata shows ""failed"": false). The only encountered issue was an intermediate formatting/parsing error caused by the agent outputting plain text instead of a code block, which is an agent compliance mistake, not an intrinsic benchmark deficiency. After retrying with a proper code block, execution proceeded normally. | evidence: 1) Run metadata: ""failed"": false.
2) Parsing error was due to missing code fence: ""Your code snippet is invalid, because the regex pattern ... was not found in it. Here is your code snippet: phonon_angular_momentum implemented successfully.""
3) Agent then complies with required format and tool accepts it: subsequent logs show function object outputs like ""<function create_function.<locals>.new_func ...>"" after providing fenced code.",scicode_hal_generalist_agent_o320250416_1750127070_UPLOAD
21,scicode,1.00,0,"existence_reasoning: The benchmark's response guidelines say not to include dependencies ""at the beginning"" and the final expected answer for the last step is only the `alpha` function. However, the provided `alpha` header/task implicitly requires NumPy (`np`) (and uses `np.asarray`, `np.isclose`) while the final agent answer omitted `import numpy as np`. If the evaluation harness executes the submitted snippet standalone (common in these benchmarks), it will raise `NameError: np is not defined`. This is a formation/scaffolding ambiguity: the task simultaneously (a) demands a complete executable program and (b) discourages including imports, without clearly stating whether `np` is pre-imported in the grading environment for this step. | causation_reasoning: The agent's final submission for the graded step references `np` but does not import it. If the harness expects a standalone function file for the step (likely, since it asks for ""complete and executable"" and provides dependencies separately), the code fails at runtime due to missing `np`. This failure is directly induced by the benchmark's unclear/contradictory instruction about dependencies and what context is provided to the step. With clarified instructions (or if imports were allowed/expected in the snippet), the agent's logic would likely pass. | evidence: Final answer snippet begins with `def alpha(...):` and contains `lambda_i = np.asarray(...)` and `if np.isclose(alpha_ref, 0.0):` but has no `import numpy as np`.
The task states: ""DEPENDENCIES: Use only the following dependencies... Do not include these dependencies at the beginning of your code. import numpy as np"" and also: ""Write the complete and executable Python program for the next step in a single block.""",scicode_hal_generalist_agent_o320250416_1750127070_UPLOAD
22,scicode,1.00,0,"existence_reasoning: The benchmark’s evaluation harness expects the final assistant message to contain a python code block matching a specific regex pattern. The agent produced a correct code implementation in a prior message, but then produced a subsequent non-code, prose-only message (""Implemented rotation-coefficient routine."") that did not include the required fenced code block, triggering a parsing failure. This indicates a scaffold/evaluation mismatch: the harness appears to parse the last assistant message rather than the most recent valid code submission, making the task fragile to any intervening non-code assistant output. A well-formed benchmark would either (a) always grade the latest code-containing message or (b) explicitly forbid intermediate prose and ensure the agent cannot proceed without code fencing. As constructed, the benchmark can fail even when the agent has already generated correct code. | causation_reasoning: The run failed due to the harness’s strict regex parse requirement applied to the agent’s prose message, not due to algorithmic or implementation errors. The log shows the code was previously accepted/created successfully (function object produced), and only after the prose-only message did the harness error. The agent then corrected by re-sending code, demonstrating capability. Thus the proximate cause of the recorded failure state is the benchmark/evaluator’s brittle parsing behavior (last-message-only parsing), i.e., a formation deficiency. | evidence: 1) Successful code compilation indication before failure: ""Observation: Execution logs: Last output from code snippet: <function create_function.<locals>.new_func ...>"" (after code blocks).
2) Agent then outputs prose without code fence: ""Implemented rotation-coefficient routine. `Tnvm(n, v, m, Q)` now ..."".
3) Parsing failure tied to missing code block: ""Error in code parsing: Your code snippet is invalid, because the regex pattern `(?:py|python)?\s*\n(.*?)\n` was not found in it. Here is your code snippet: Implemented rotation-coefficient routine...""",scicode_hal_generalist_agent_o320250416_1750127070_UPLOAD
23,scicode,0.00,0,"existence_reasoning: The benchmark task (implementing mutual_info / blahut_arimoto given earlier helper functions and NumPy) is well-specified and solvable in the stated environment. Required formulas are standard, the function headers are clear, and the allowed dependency (NumPy) suffices. The evaluation harness expects a specific code-block format (```py or ```python) which is a normal, explicit requirement and not contradictory with the task. No missing dependencies, obsolete APIs, or underspecification is evident. | causation_reasoning: The run failed due to the agent producing responses that did not include a properly formatted code block at least twice, triggering the parser regex failure. This is an agent output-formatting/compliance error, not an intrinsic benchmark deficiency. When the agent did provide properly fenced code, the content was plausible; the proximate failure was the absence of the required fenced code in some responses, as shown by the harness error. | evidence: Harness error indicates formatting noncompliance: ""Error in code parsing: Your code snippet is invalid, because the regex pattern ```(?:py|python)?\s*\n(.*?)\n``` was not found in it. Here is your code snippet: The `mutual_info` function has been implemented..."" and later: ""Here is your code snippet: Implemented the `mutual_info` function as specified."" These failures stem from agent replies lacking a fenced code block, despite the benchmark instruction: ""Ensure your response is in the format of ```python```.""",scicode_hal_generalist_agent_o320250416_1750127070_UPLOAD
24,scicode,1.00,0,"existence_reasoning: The benchmark asks to implement a *global* Lax–Friedrichs numerical flux using the maximum wave speed parameter α_LF, but it never specifies the governing conservation law (i.e., the physical flux f(u) and hence the characteristic speed |f'(u)|). Without f(u), α_LF is not uniquely defined, and neither is the LF flux formula's physical-flux term. The initial condition alone does not determine the PDE; multiple PDEs could share the same initial condition but yield different f(u) and α_LF. Therefore, the task is intrinsically underspecified. | causation_reasoning: The agent had to guess the PDE/flux and assumed inviscid Burgers (f(u)=u^2/2) and hard-coded α_LF=2.0 from the initial range. If the benchmark's hidden tests expected a different PDE (e.g., linear advection or a different flux), the agent's implementation would fail despite being internally consistent. Because the problem statement provides no way for any agent to infer the intended f(u) and α_LF uniquely, this underspecification is a plausible direct cause of failure. | evidence: Prompt for LaxF: ""Write a function to implement global the Lax-Friedrich numerical flux... Using maximum wave speed as the global Lax-Friedrichs stability parameter, α_LF."" (no f(u) or PDE given).
Agent explicitly notes missing info: ""The governing conservation law (i.e., the physical flux function f(u))"" is a fact ""to look up"".
Agent guess: ""Compute the global Lax–Friedrichs numerical flux for the inviscid Burgers equation: f(u)=u²/2"" and sets ""alpha_LF = 2.0"".
Solve step also assumes Burgers: ""Solve 1-D inviscid Burgers equation"".",scicode_hal_generalist_agent_o320250416_1750127070_UPLOAD
25,scicode,0.00,0,"existence_reasoning: The benchmark tasks (implement SpeciesGrowth, ResourcesUpdate, then Simulate) are well-specified with clear function headers, required I/O shapes, and allowed dependencies. There is no inherent contradiction between required methods and the environment, nor any missing information that would prevent a correct implementation. The parsing requirement (code must be inside a fenced block) is clearly stated by the harness when the agent first violates it, and is satisfiable by any agent. | causation_reasoning: The run failure stems from the agent responding at least once with non-code text that violated the evaluator’s required code-block regex, causing a parse error. This is an agent compliance/formatting error rather than a benchmark formation deficiency. After being prompted, the agent did provide properly fenced code, indicating the task itself was solvable and the environment could parse compliant answers. | evidence: Evaluator error shows formatting issue: ""Error in code parsing: Your code snippet is invalid, because the regex pattern `(?:py|python)?\s*\n(.*?)\n` was not found in it. Here is your code snippet: SpeciesGrowth function implemented as requested."" Similar later: ""Here is your code snippet: The Simulate function has been fully implemented..."" The benchmark instructions required fenced code: ""Ensure your response is in the format of ```python```.""",scicode_hal_generalist_agent_o320250416_1750127070_UPLOAD
26,scicode,0.00,0,"existence_reasoning: The benchmark/task is well-formed: it provides clear function headers, input/output specs, and permissible dependencies. The required implementations (SpeciesGrowth, OneCycle, SimulatedCycles) are straightforward and do not rely on unavailable APIs or contradictory constraints. Although there is some underspecification in the ecological model (e.g., exact resource depletion dynamics during exponential growth), the benchmark does not show evidence that a unique alternative is required by the grader; and the agent’s approach is consistent with the provided steps. The only concrete failure observed is a formatting/parsing issue triggered when the agent responded with prose instead of a code block, which is an agent compliance error rather than a benchmark formation flaw. | causation_reasoning: The run failed because the agent output did not match the evaluator’s expected code-block regex at certain turns (they replied with explanatory text instead of a fenced code snippet). When the agent did provide code in the requested fenced format, it was accepted (logs show a function object created). Therefore no intrinsic benchmark deficiency caused the failure; the proximate cause was the agent’s failure to follow the output-format requirement consistently. | evidence: Parsing failures explicitly cite missing code fence pattern: ""Error in code parsing: Your code snippet is invalid, because the regex pattern `(?:py|python)?\s*\n(.*?)\n` was not found in it."" This occurred after the agent replied with prose: ""Implemented OneCycle function that..."" and later: ""I have implemented `SimulatedCycles` exactly as specified."" In contrast, when code was provided in a fenced block, execution logs show success: ""Last output from code snippet: <function create_function.<locals>.new_func ...>"" (e.g., after OneCycle and SimulatedCycles code blocks).",scicode_hal_generalist_agent_o320250416_1750127070_UPLOAD
27,scicode,1.00,0,"existence_reasoning: The benchmark instructions explicitly state: ""Use only the following dependencies in your solution. Do not include these dependencies at the beginning of your code.\n\nimport numpy as np"". This creates a structural mismatch with the expected evaluation environment: in typical unit-test harnesses, numpy may already be imported or available, and the benchmark wants only the function body relying on pre-imported dependencies. However, the agent is required to produce a ""complete and executable Python program"" while also being told not to include imports at the beginning, which is contradictory/underspecified about what the harness will provide. This is an intrinsic formation issue because it can cause correct solutions to be rejected solely due to where/if `import numpy as np` appears. | causation_reasoning: The agent’s submitted code repeatedly includes `import numpy as np` at the top of the response despite the benchmark rule prohibiting adding dependencies at the beginning. If the grader enforces that rule (common in these benchmarks), the solution would fail formatting/static checks even though the function logic is correct. Thus the failure is plausibly caused by this benchmark-formation contradiction/misalignment between “complete executable program” and “do not include imports at the beginning,” which pushed the agent toward including imports and being penalized. | evidence: Benchmark constraint: ""Use only the following dependencies in your solution. Do not include these dependencies at the beginning of your code.\n\nimport numpy as np"" and ""Write the complete and executable Python program for the next step"". Agent output violates this by starting with an import multiple times, e.g. for get_3dB_frequency: ""```python\nimport numpy as np\n\ndef get_3dB_frequency(...): ...```"". Run marked failed: ""\""failed\"": true"".",scicode_hal_generalist_agent_o320250416_1750127070_UPLOAD
28,scicode,1.00,0,"existence_reasoning: The benchmark explicitly constrains dependencies to `import numpy as np` and `from scipy.integrate import simps`. However, in the execution environment, `scipy.integrate` does not provide `simps` (likely replaced by `simpson` in newer SciPy versions). This makes the benchmark's stated dependency set internally inconsistent with the runtime environment: a compliant solution that follows the dependency requirements can fail on import, independent of agent reasoning. | causation_reasoning: The agent's initial implementation imported `simps` exactly as required and the run failed immediately due to the missing attribute. That failure is directly attributable to the benchmark/environment mismatch. While the agent later avoided importing `simps` and progressed, the recorded task failure stems from the intrinsic dependency issue encountered when following the benchmark's specified imports. | evidence: Runtime error: ""Code execution failed at line 'from scipy.integrate import simps' due to: InterpreterError: Module scipy.integrate has no attribute simps"". Benchmark dependency requirement: ""DEPENDENCIES: Use only the following dependencies... import numpy as np\nfrom scipy.integrate import simps"".",scicode_hal_generalist_agent_o320250416_1750127070_UPLOAD
30,scicode,0.00,0,"existence_reasoning: The benchmark task itself (implementing Slater, then Jastrow, then MultiplyWF) is well-specified and solvable with the stated dependency (numpy). The required formulas/interfaces are consistent, and the agent successfully produced executable class definitions matching the requested signatures and shapes. The one parsing requirement encountered (must include a fenced code block matching a regex) is part of the evaluation harness, but the agent was able to comply after correction, indicating no intrinsic impossibility or misalignment in the task materials. | causation_reasoning: The recorded failure was triggered by the agent outputting plain text instead of a code block and then attempting to call the python tool with the string 'Done', causing an interpreter error. These are agent behavioral/output-formatting mistakes, not benchmark formation issues. After being prompted, the agent provided correctly formatted code blocks and the classes loaded successfully. | evidence: Parsing failure: ""Error in code parsing: Your code snippet is invalid, because the regex pattern `(?:py|python)?\s*\n(.*?)\n` was not found in it. Here is your code snippet: I have implemented the full Jastrow class..."" Tool misuse: ""Calling tools: ... python_interpreter ... arguments: 'Done'"" followed by ""InterpreterError: The variable `Done` is not defined."" Subsequent successful correction: execution logs show ""<class 'smolagents.local_python_executor.Jastrow'>"" and later ""<class 'smolagents.local_python_executor.MultiplyWF'>"".",scicode_hal_generalist_agent_o320250416_1750127070_UPLOAD
31,scicode,1.00,0,"existence_reasoning: The benchmark assumes a standard Python/NumPy runtime where the matrix multiplication operator `@` is supported. However, the provided execution environment/tooling does not implement the `MatMult` AST operation, making any correct solution that uses `@` fail at runtime. This is an intrinsic mismatch between the intended solution style (NumPy linear algebra, using `@` is idiomatic and appears in the prompt's own formulas like `S = W @ X_whitened`) and the evaluator's capabilities. A capable agent can work around it by using `np.dot`, but the benchmark itself does not disclose this limitation, and its own reference text encourages `@`. | causation_reasoning: The agent's failure occurred when trying to execute code that used `@` inside whitening/testing. The error is explicitly about unsupported `MatMult`, not about logic. This indicates the run failed due to the environment limitation, not because the algorithm/implementation was wrong. If `@` were supported (or if the benchmark warned to avoid it), the agent's implementation would execute normally; alternatively, if the agent replaced `@` with `np.dot` everywhere, it would avoid the crash. Thus, the intrinsic environment mismatch was the proximate cause of failure in this run. | evidence: Tool execution failure: ""Code execution failed at line 'Z = whiten(X_test)' due to: NotImplementedError: Binary operation MatMult is not implemented."" The benchmark text itself uses `@` in required computation: ""Return the predicted sources `S` ... by `S = W @ X_whitened`"" and the provided `whiten` code uses `@`: ""C = (Xc @ Xc.T) / n_samples"" and ""Z = W @ Xc"".",scicode_hal_generalist_agent_o320250416_1750127070_UPLOAD
32,scicode,1.00,0,"existence_reasoning: The benchmark/evaluation harness enforces a strict code-fence regex (it explicitly checks for a ```py or ```python block). However, the agent is also prompted at times to provide non-code narrative (facts/plans, explanations). This creates a brittle interface where any extra text outside a code fence causes a hard parse failure unrelated to task solvability. Additionally, the harness error message shows it is parsing the assistant message rather than executing Python, meaning formatting alone can fail the run even if the underlying code is correct. This is an intrinsic deficiency of the evaluation/template: it conflates solution correctness with exact markdown formatting. | causation_reasoning: The run failed due to the harness being unable to find the required code block pattern after the assistant produced an explanatory (non-code) message. The failure is explicitly a regex parse error, not a logic/runtime error in the algorithm. Once the assistant reformatted into the expected fenced code block, the harness proceeded. Thus the proximate cause of failure is the benchmark's fragile parsing requirement, not an inability to implement the function. | evidence: Explicit harness failure: ""Error in code parsing: Your code snippet is invalid, because the regex pattern ```(?:py|python)?\s*\n(.*?)\n``` was not found in it."" The 'code snippet' shown is pure explanation text, indicating formatting triggers failure. The harness further instructs: ""Make sure to include code with the correct pattern... Code:\n```py\n# Your python code here\n```<end_code>"" showing evaluation depends on markdown pattern.",scicode_hal_generalist_agent_o320250416_1750127070_UPLOAD
33,scicode,0.00,0,"existence_reasoning: The task specification is coherent and solvable: implement `compute_chern_number_grid(delta, a, t1, t2, N)` that sweeps m/t2 over [-6,6] and phi over [-pi,pi], calls the already-provided `compute_chern_number`, and returns `(results, m_values, phi_values)`. Dependencies are standard and sufficient. No contradictions, missing files, or impossible requirements are evident from the prompt; the interface and outputs are well-defined. | causation_reasoning: Because no intrinsic benchmark deficiency is evidenced in the trace, the recorded failure is not attributable to formation issues. The transcript does not show a runtime exception or an evaluation-harness mismatch; it only shows the platform logging the created function object (e.g., `<function create_function.<locals>.new_func ...>`), which is a normal artifact of the execution environment when defining a function. Thus, whatever caused the final 'failed: true' status is not demonstrated to be due to the task formulation itself. | evidence: Task is well-specified: ""Make a 2D array of Chern numbers by sweeping the parameters: ... (m/t2 from -6 to 6 with N samples) and phase (phi from -π to π with N samples) ... def compute_chern_number_grid(delta, a, t1, t2, N): ... return results, m_values, phi_values"".
Execution log shows only function-definition artifact, not an error: ""Last output from code snippet: <function create_function.<locals>.new_func at 0x...>"".",scicode_hal_generalist_agent_o320250416_1750127070_UPLOAD
34,scicode,0.00,0,"existence_reasoning: The task specifications (implementing the next-step function(s) with given headers, using numpy, and returning computed values) are coherent and solvable. The evaluation environment expects a code block matching a regex for fenced code. This is a standard, explicit formatting requirement enforced by the harness, and the prompt also instructs to answer in a ```python``` block. There is no contradiction or missing information that would prevent any capable agent from succeeding. | causation_reasoning: The recorded failure was triggered by the agent returning plain text instead of a fenced code block, violating the harness’s parsing regex. This is an agent output-formatting error, not a benchmark formation deficiency. After the parser error, the agent did provide a correctly fenced python block, indicating the task itself was feasible and the earlier failure was avoidable. | evidence: Harness error: ""Error in code parsing: Your code snippet is invalid, because the regex pattern `(?:py|python)?\s*\n(.*?)\n``` was not found in it. Here is your code snippet: Completed implementation of `potential` function..."" This shows the agent output lacked the required ```...``` code fence. The prompt also required: ""Ensure your response is in the format of ```python```.""",scicode_hal_generalist_agent_o320250416_1750127070_UPLOAD
35,scicode,1.00,0,"existence_reasoning: The benchmark/evaluation harness enforces a specific regex-extractable code-block format (expects a fenced block matching `(?:py|python)?\s*\n(.*?)\n`) and fails parsing if the assistant outputs any non-code response at the final step. This is a fragile, format-driven scaffold that is not part of the scientific/programming task itself, and it can invalidate otherwise-correct solutions purely due to presentation. The task materials do not clearly communicate this strict final-message parsing constraint (they give an example, but the actual failure shows the harness rejects non-matching outputs rather than scoring the solution content). | causation_reasoning: The run failed at the end because the assistant’s final message was plain text (no fenced code block), triggering the harness regex parsing error. This is directly caused by the benchmark’s formatting/parsing requirement rather than the algorithmic solvability of the task. Once prompted, the assistant did provide a properly fenced code block, indicating the underlying implementation was feasible; the proximate failure was the harness’s strict code-block extraction rule. | evidence: Failure point: ""Error in code parsing: Your code snippet is invalid, because the regex pattern ```(?:py|python)?\s*\n(.*?)\n``` was not found in it.\nHere is your code snippet:\nThe `absorption` function has been fully implemented..."" This shows rejection due to missing fenced code format, not due to computational error.",scicode_hal_generalist_agent_o320250416_1750127070_UPLOAD
36,scicode,0.00,0,"existence_reasoning: The task is well-formed and solvable in the stated environment: it provides a clear function header for `inverse_fermi_dirac_integral_half_polylog_newton`, specifies allowed dependencies (numpy, quad, newton), and the required behavior (compute n via `generation` if not provided; invert `fermi_dirac_integral_half_polylog` via Newton). There is no intrinsic contradiction or missing information that would prevent any agent from producing a valid code-only response in the required format. | causation_reasoning: The recorded failure is due to the agent outputting non-code prose that violated the evaluator’s required code-block regex, not due to a benchmark formation deficiency. Specifically, the agent responded with an English explanation instead of a fenced python code block, triggering the parser error. When prompted to retry with the proper format, the agent produced a correctly formatted code block, indicating the task itself was executable and the failure was an agent formatting mistake. | evidence: Parser failure: ""Error in code parsing: Your code snippet is invalid, because the regex pattern ```(?:py|python)?\s*\n(.*?)\n``` was not found in it. Here is your code snippet: The `inverse_fermi_dirac_integral_half_polylog_newton` function has been fully implemented. It: ..."" 
Then successful correction: agent later provides ""Code:\n```py\n...def inverse_fermi_dirac_integral_half_polylog_newton(...): ...```<end_code>"" and finally returns a fenced python snippet for the function.",scicode_hal_generalist_agent_o320250416_1750127070_UPLOAD
37,scicode,0.00,0,"existence_reasoning: There are intrinsic issues in the benchmark materials: (1) The response guidelines say “Use only the following dependencies… Do not include these dependencies at the beginning of your code” but the expected format is a single executable code block; moreover earlier provided reference solutions include `import numpy as np`, creating conflicting guidance about whether imports are allowed. (2) The non-paraxial step description mentions extra inputs (“light wavelength… grid scaling factor”) that are not present in the provided function header, indicating specification inconsistency/underspecification. These are formation deficiencies in the prompt/scaffolding. | causation_reasoning: Despite the above deficiencies, the agent’s final failure is not attributable to them. The final submitted function `compute_LC` uses `np.asarray` but does not include `import numpy as np`, which would cause a `NameError` unless the harness injects `np`. Earlier in the trace, the agent repeatedly included imports; the last answer omitted the import and thus is an agent-side formatting/implementation mistake. If the agent had included the import (or avoided `np`), the solution would likely parse and run. Therefore the proximate cause of failure is the agent’s incorrect final code packaging, not an unavoidable benchmark flaw. | evidence: Conflicting instruction: “Use only the following dependencies… Do not include these dependencies at the beginning of your code.

import numpy as np”. Spec inconsistency: non-paraxial description says “The input are the incident height, light wavelength, lens curvature, refractive index and grid scaling factor” but function header is `def calculate_non_paraxial(h1, r1, r2, r3, d1, d2, n1, n2, n3, n_total):`. Agent final submission omits numpy import while using np: `def compute_LC(...): ... h1 = np.asarray(h1, dtype=float)` with no `import numpy as np` in that final block.",scicode_hal_generalist_agent_o320250416_1750127070_UPLOAD
39,scicode,1.00,0,"existence_reasoning: The benchmark/evaluation harness enforces a very specific code-extraction regex/format (expects a fenced code block with a language tag and specific trailing pattern such as <end_code>), but the task's own RESPONSE GUIDELINES instruct a different format (```python ... ``` without mentioning <end_code> or any additional wrapper like ""Thoughts:""/""Code:""). This mismatch can cause correct solutions to be rejected purely due to formatting, independent of algorithmic correctness. The trace shows the harness failing to parse when the assistant responded outside the expected regex, indicating the benchmark's formation includes a fragile/underspecified formatting contract not aligned with the prompt. | causation_reasoning: The agent’s primary failure event was explicitly a parsing error unrelated to the correctness of the implemented function. The assistant initially responded with ""Implemented."" (no code block), which triggered the harness regex error. While that specific bad response is an agent mistake, the underlying formation deficiency is that the benchmark relies on an implicit, stricter formatting protocol than the problem statement communicates (and even changes expectations mid-run by showing an example with ""Thoughts:"" and ""```py ...```<end_code>""). This ambiguity/misalignment is what made the run fail at that point; a perfect agent could still be tripped if following the stated RESPONSE GUIDELINES alone, because the harness requires additional/precise formatting not specified consistently. | evidence: Parsing failure: ""Error in code parsing: Your code snippet is invalid, because the regex pattern `(?:py|python)?\s*\n(.*?)\n` was not found in it. Here is your code snippet: Implemented."" Also, the harness imposes a different required format: ""Make sure to include code with the correct pattern, for instance: Thoughts: Your thoughts\nCode:\n```py\n# Your python code here\n```<end_code>"" while the task instructions say: ""Ensure your response is in the format of ```python```.""",scicode_hal_generalist_agent_o320250416_1750127070_UPLOAD
40,scicode,1.00,0,"existence_reasoning: The final task asks for a `solve(CFL, T, dt, alpha)` function to solve a “diffusion-reaction equation” using previously defined `second_diff` and `Strang_splitting`, but the benchmark provides neither the reaction term R(u) nor the spatial domain/grid specification nor the initial condition. Without these, there is no unique, well-posed implementation of `solve` that any agent could produce to match hidden tests. Additionally, the benchmark’s interaction/evaluation enforces a code-fence regex (```(?:py|python)?\s*\n(.*?)\n```), causing non-code clarifications to hard-fail parsing, which is a scaffold/evaluation constraint that punishes the only reasonable response (requesting missing specs). | causation_reasoning: The agent’s failure stems from the intrinsic underspecification: it explicitly noted it could not implement `solve` without reaction term, domain/grid, initial condition, and CFL definition, and attempted to request clarification. The harness then rejected that non-code response due to the regex requirement, forcing the agent to guess arbitrary choices (e.g., logistic reaction, L=1, Gaussian IC). Those guesses are unlikely to match the benchmark’s expected hidden specification, leading to failure. Thus, the task failure is attributable to the benchmark’s missing required problem details and the evaluation scaffold’s inability to accept clarification requests. | evidence: Missing-spec acknowledgement: ""I cannot continue because the problem statement lacks crucial information... 1. Exact form of the reaction term R(u)... 2. Spatial domain specification... 3. Initial-condition... 4. Definition of the given CFL number"" (T0B29).
Scaffold/eval hard-fail on clarification: ""Error in code parsing: Your code snippet is invalid, because the regex pattern ```(?:py|python)?\s*\n(.*?)\n``` was not found in it."" (T0B30 and again T0B35).
Forced guessing due to missing info: the agent implemented solve with assumed ""R(u) = u (1 − u)"", ""L = 1.0"", and ""Initial condition: Gaussian pulse"" (T0B31/T0B36), none of which are specified in the prompt.",scicode_hal_generalist_agent_o320250416_1750127070_UPLOAD
41,scicode,0.00,0,"existence_reasoning: The task specification for the final required function (StrucStability) is well-formed and executable in the given environment: it asks for determinant-based structural stability when N=R, using only numpy and math.exp. There is no inherent contradiction, missing dependency, or template/evaluator mismatch that would prevent a correct agent from responding with a single python code block implementing StrucStability. Although earlier in the conversation the evaluator complained about missing a code-fence regex, that was due to the agent replying with prose instead of a code block, not due to an intrinsic benchmark defect. | causation_reasoning: The run is marked failed, but the failure evidenced in-trace was caused by the agent producing a non-code response at one point, which the parser rejected. When the agent later followed formatting requirements, the code was accepted (execution logs show a function object created). Thus, no benchmark formation deficiency caused failure; it was an agent formatting error. Any remaining potential issues (e.g., whether determinant should be applied to M or to normalized points) are not shown to cause an evaluation failure here. | evidence: Parser failure due to agent formatting: ""Error in code parsing: Your code snippet is invalid, because the regex pattern `(?:py|python)?\s*\n(.*?)\n` was not found in it."" The rejected snippet was prose: ""Created the GetResPts function..."" Later, properly formatted code blocks were accepted: multiple times ""Last output from code snippet: <function create_function.<locals>.new_func ...>"" after code-fenced responses.",scicode_hal_generalist_agent_o320250416_1750127070_UPLOAD
42,scicode,1.00,0,"existence_reasoning: The benchmark environment/tooling is internally inconsistent: the task instructions provide browsing tools `web_search`/`visit_webpage`, but the agent is forced to interact via a code-parsing harness that only accepts python code blocks and, in practice, the agent’s attempt to use `web_search` inside the python tool failed with “No results found … year=0”. This makes the step “look up the empirical relation” potentially impossible even for a perfect agent when the benchmark omits the needed formula in the prompt. Additionally, the prompt mentions injection quantum efficiency (η) as an input for the gain step, but the provided `gain` function header does not include η, indicating underspecified/misaligned physics inputs. These are formation issues (missing/contradictory specification and unreliable lookup mechanism) rather than agent logic errors. | causation_reasoning: The run is marked failed, and the only hard failure shown is the inability to perform the planned lookup due to the harness rejecting non-code messages and then the web search returning no results. Because the problem statement did not specify the empirical gain–current relation, the agent reasonably attempted to use the provided `web_search` tool; the benchmark’s tool/harness prevented that, forcing the agent to guess the relationship. Thus, the intrinsic deficiency (missing required formula + unusable lookup path) is the proximate cause of failure as recorded by the benchmark. | evidence: 1) Missing key formula: the task says “Provide a function that calculate the injected current density according to the empirical relation with the peak gain” but provides no explicit equation.
2) Harness/tooling blocks lookup: error “Your code snippet is invalid, because the regex pattern ... was not found in it.” when the agent tried to proceed with non-code tool usage.
3) Search tool unusable in practice: “Exception: No results found for query: 'empirical relation current density J0 g0 gain semiconductor laser' with filtering on year=0.”
4) Spec mismatch: prompt mentions “injection quantum efficiency (η)” for gain calculation, but function header is `def gain(nw, Gamma_w, alpha, L, R1, R2)` (no η).",scicode_hal_generalist_agent_o320250416_1750127070_UPLOAD
43,scicode,1.00,0,"existence_reasoning: The benchmark instructions for multiple subtasks are internally inconsistent about what code to output. For the boundary-condition step, the guidelines explicitly say: ""Write the complete and executable Python program for the next step"" and ""DO NOT include previous function code"". Yet the task prompt itself includes previous-step code (the full `f(...)` implementation) and later (in the trace) the benchmark context expects `f` to be available when implementing `Pout_Nz_Calculation` (it calls `f` and `bc` without providing them in that step’s allowed output). This creates a structural double-bind: an agent following the no-previous-code rule cannot include `f`/`bc`, but the evaluation context for later steps appears to require those symbols to exist. This is a scaffold/state mismatch in how steps are packaged versus how execution/evaluation likely occurs. | causation_reasoning: The agent’s implementations of `bc` and `Pout_Nz_Calculation` are syntactically correct and match the described formulas. The run is marked failed despite no runtime error shown, suggesting the failure is due to the benchmark/evaluator not correctly composing step outputs (state not persisted or grader expecting a different scope/contents). Because the later function (`Pout_Nz_Calculation`) relies on `f` and `bc` being present but the response guidelines prohibit including them, a correct agent can still fail depending on the harness’s state handling. The trace’s repeated “Last output ... <function ...>” indicates only function objects were created, not that integrated execution succeeded; the final metadata shows `""failed"": true` with no agent-side error, consistent with harness misalignment rather than agent logic. | evidence: Guideline conflict: ""Write the complete and executable Python program for the next step"" and ""DO NOT include previous function code"".
Later-step dependency on prior symbols: in `Pout_Nz_Calculation`, agent code calls `return f(z, y, ... )` and `return bc(ya, yb, ...)` without defining them in that snippet.
The prompt itself includes prior code blocks (e.g., full `f(...)`), contradicting ""DO NOT include previous function code"".
Failure without concrete agent error: agent run metadata shows `""failed"": true` while observations only show function creation outputs like `Last output from code snippet: <function create_function.<locals>.new_func ...>` and no stack trace.",scicode_hal_generalist_agent_o320250416_1750127070_UPLOAD
45,scicode,0.00,0,"existence_reasoning: The benchmark instructions contain an internal inconsistency: they say ""Use only the following dependencies... Do not include these dependencies at the beginning of your code. import numpy as np"", but the expected response format is ""Write the complete and executable Python program"" and the agent is writing standalone code blocks. This creates ambiguity about whether `import numpy as np` should be present at top-level or only inside functions, and may conflict with an evaluation harness that injects imports. Additionally, later subtasks show drifting/duplicated task text (e.g., an unrelated facts survey for `add_dirichlet_bc` appears mid-trace) suggesting some prompt/scaffolding instability. These are formation issues, though they do not make the task unsolvable in principle. | causation_reasoning: The run is marked failed, but there is no trace evidence of an evaluation error, exception, or mismatch attributable to the benchmark inconsistency. The agent's final `heat_equation` implementation appears structurally correct and consistent with the stated requirements (uses `dt = 1/(4*max(alpha1,alpha2))`, central-difference Laplacian, applies both BC functions each time step). The only observed 'Execution logs' are benign function object prints (e.g., `<function create_function.<locals>.new_func ...>`), not errors. Therefore, while a minor spec inconsistency exists, the transcript does not show that it caused the failure; the failure likely comes from hidden tests expecting different Neumann sign convention/spacing handling, different boundary-update ordering, or interface expectations not evidenced here—i.e., agent-solution mismatch rather than an intrinsic unsatisfiable benchmark. | evidence: Spec inconsistency: ""Use only the following dependencies in your solution. Do not include these dependencies at the beginning of your code.\n\nimport numpy as np"" versus response requirement: ""Write the complete and executable Python program"" and agent outputs with top-level imports (e.g., `import numpy as np` above `def heat_equation`). No error shown in logs: multiple observations only show `<function create_function.<locals>.new_func at ...>` with no exceptions. Final solution includes required dt: `dt = 1.0 / (4.0 * max(alpha1, alpha2))` and BC reapplication each step: `add_dirichlet_bc(...t...)`, `add_neumann_bc(...t...)`, then again for `t+1`.",scicode_hal_generalist_agent_o320250416_1750127070_UPLOAD
46,scicode,0.00,0,"existence_reasoning: The evaluation harness appears to require that every submission include a markdown code fence matching a specific regex, as indicated by the parsing error message. This is an intrinsic constraint of the benchmark/evaluator (a formatting dependency) rather than a property of the scientific/programming task itself. If the benchmark does not robustly handle plain-text answers (even if they are correct), that is a formation deficiency in the evaluation apparatus. | causation_reasoning: Although this evaluator formatting requirement is a benchmark deficiency, it did not ultimately cause the run failure at the end of the trace: the agent's final retry (T0B41) does include a proper ```python ...``` code block and thus would satisfy the regex constraint. The proximate cause of failure in this run is the agent producing at least one earlier response (T0B39) without any code fence, triggering a parsing error. This is an agent compliance/formatting mistake, not an unavoidable benchmark defect preventing any agent from succeeding. | evidence: Parsing failure: ""Error in code parsing: Your code snippet is invalid, because the regex pattern ```(?:py|python)?\s*\n(.*?)\n``` was not found in it."" (T0B40)
Agent response that triggered it contains no code fence: ""Implemented `calc_energy` that: ..."" (T0B39)
Agent later provides correctly formatted fenced code: T0B41 begins with ""```python"" and contains a full calc_energy implementation.",scicode_hal_generalist_agent_o320250416_1750127070_UPLOAD
48,scicode,0.00,0,"existence_reasoning: The benchmark text for the chi-calculation step is underspecified: it asks to “Antisymmetrize S(\omega) to obtain \chi^{\prime\prime}(\omega)” and then says the output should be “chi: negative of the imaginary part of the density response function”. It does not specify the precise antisymmetrization formula (e.g., (S(\omega)-S(-\omega))/2 vs S(\omega)-S(-\omega)), any overall constants/sign conventions from the fluctuation–dissipation theorem, or whether the return should be \chi'' or -\chi''. Multiple mathematically plausible implementations exist, so grading could reject a valid alternative. This is a genuine formation deficiency (underspecification of the expected mapping from S to chi). | causation_reasoning: Despite the underspecification, there is no evidence in the trace that the agent’s run failed due to this ambiguity or any benchmark-imposed impossibility. The transcript shows only function-definition outputs (e.g., “<function create_function.<locals>.new_func ...>”) and no exception, assertion failure, or test mismatch indicating the proximate cause. The agent produced a coherent, executable implementation using interpolation with fill_value=0 as required. Therefore, we cannot attribute the recorded failure to the benchmark deficiency; it more likely failed due to external evaluation expectations not shown, or agent’s chosen convention versus hidden tests, but that mismatch is not evidenced here as the cause. | evidence: Underspecification: “Antisymmetrize S(\omega) to obtain \chi^{\prime\prime}(\omega)...” and “Output chi: negative of the imaginary part of the density response function”. No explicit formula is provided.
No causal evidence: logs repeatedly show only “Last output from code snippet: <function create_function.<locals>.new_func ...>” and no runtime/test error messages indicating why the run is marked failed.",scicode_hal_generalist_agent_o320250416_1750127070_UPLOAD
5,scicode,0.00,0,"existence_reasoning: The benchmark spec has minor internal inconsistencies/underspecification: (1) It states the output Q is of size M*(m+1), but also does not address the standard Lanczos breakdown case (beta=0) where fewer than m+1 vectors exist; a correct Lanczos implementation may early-terminate or must define how to pad/handle breakdown. (2) It says “Use only the following dependencies… Do not include these dependencies at the beginning of your code. import numpy as np”, which is contradictory guidance about whether an import should appear in the submitted snippet; many harnesses pre-import numpy, but the prompt also shows an explicit import line. These are formation issues, though not necessarily fatal if the grader is lenient. | causation_reasoning: The agent’s failure is not shown to be caused by these deficiencies. The agent produced a reasonable Lanczos implementation and the execution logs only show the harness created a function object (“<function create_function.<locals>.new_func ...>”), not a runtime error or a specific test failure trace (e.g., shape mismatch, ImportError). There is no evidence the grader rejected the solution due to the import placement or due to returning fewer than m+1 columns. Without evidence of a concrete mismatch (e.g., tests requiring exact M x (m+1) even on breakdown), we cannot attribute the recorded failure to an intrinsic benchmark deficiency rather than hidden unit-test expectations or other evaluation criteria. | evidence: Prompt inconsistency: “Q : Matrix, 2d array of size M*(m+1)” vs standard possibility of breakdown not specified.
Import instruction: “Use only the following dependencies… Do not include these dependencies at the beginning of your code. import numpy as np”.
No concrete error shown: repeated logs only show “Last output from code snippet: <function create_function.<locals>.new_func at ...>” and no exception/failed assertion details.",scicode_hal_generalist_agent_o320250416_1750127070_UPLOAD
50,scicode,0.00,0,"existence_reasoning: The benchmark tasks themselves are well-formed: each step provides a clear function header and objective (Metropolis equilibration; replica overlaps; heuristic RSB detection; SK simulation), with an allowed dependency (numpy) and explicit RNG constraints per step. These constraints are not contradictory to implementing the required functions, and a correct agent can comply (e.g., spin_glass can use randn/choice while helper functions handle their own RNG). The evaluation harness expects code in a specific fenced-block format, which is consistent with the stated response guideline (“Ensure your response is in the format of ```python```.”). No inherent template/harness misalignment is shown—when the agent outputs code in the required format, parsing succeeds. | causation_reasoning: The observed failures are due to the agent intermittently responding with plain English confirmation text instead of a fenced code block, which triggers the parser regex error. This is an agent compliance/formatting error, not an intrinsic benchmark deficiency. When the agent does provide properly fenced code, execution proceeds (logs show function objects created). The later InterpreterError about `potential_RSB` being undefined stems from the agent outputting a narrative snippet that referenced `potential_RSB` outside a code context, again a formatting/response mistake rather than an unsatisfiable task. | evidence: Parser failures occur when the agent outputs non-code text: ""Here is your code snippet: The `find_equilibrium` function implementing the Monte-Carlo Metropolis algorithm has been completed."" and later ""Here is your code snippet: calculate_overlap function implemented successfully."" and again for analyze_rsb: ""Here is your code snippet: Implemented the `analyze_rsb` function..."". When code is provided with fences, parsing/execution succeeds: ""Observation: ... Last output from code snippet: <function create_function.<locals>.new_func ...>"". The InterpreterError: ""Code execution failed at line 'potential_RSB' due to: InterpreterError: The variable `potential_RSB` is not defined."" follows the agent giving a descriptive return block rather than just code.",scicode_hal_generalist_agent_o320250416_1750127070_UPLOAD
52,scicode,1.00,0,"existence_reasoning: The benchmark repeatedly instructs: ""Use only the following dependencies ... Do not include these dependencies at the beginning of your code."" while simultaneously requiring functions (e.g., SolveSchroedinger and FindBoundStates) that call SciPy APIs (integrate.odeint, integrate.simpson/simps, optimize.brentq). This creates a structural mismatch between what the solution is allowed to write (no imports at top) and what is needed for execution unless the harness injects imports. The scaffold is inconsistent: sometimes the provided code includes only `import numpy as np` but still expects access to `integrate`/`optimize` objects. A capable agent cannot be sure whether to (a) omit imports to comply with instructions but then risk NameError for integrate/optimize, or (b) include imports to make code executable but violate the stated rule. That ambiguity/misalignment is intrinsic to the benchmark materials. | causation_reasoning: The run is marked failed despite the agent implementing reasonable functions. The execution logs shown after each snippet only display function creation (e.g., `<function create_function.<locals>.new_func ...>`), providing no functional test feedback. Given the contradictory instruction about imports and the dependence on SciPy symbols, the most likely failure mode in the harness is missing/inconsistent availability of `integrate`/`optimize` (or rejection for including imports), which would cause runtime or grading failure independent of the agent's core logic. The agent attempted to hedge (sometimes importing at top, sometimes importing inside the function, sometimes relying on external imports), which is exactly the double-bind induced by the benchmark. Thus the intrinsic scaffold/import misalignment plausibly caused the failure rather than a reasoning/implementation bug in the ODE/root-finding logic. | evidence: Contradictory instruction: ""Use only the following dependencies in your solution. Do not include these dependencies at the beginning of your code.\n\nimport numpy as np\nfrom scipy import integrate, optimize"". Provided scaffold sometimes includes only NumPy: ""import numpy as np"" before Schroed_deriv, while SolveSchroedinger/FindBoundStates require SciPy calls: ""sol_rev = integrate.odeint(...)"" and ""optimize.brentq"". The trace shows repeated function-definition-only outputs with no validation: ""Observation: Execution logs: Last output from code snippet: <function create_function.<locals>.new_func ...>"" and final metadata indicates failure: ""\""failed\"": true"".",scicode_hal_generalist_agent_o320250416_1750127070_UPLOAD
53,scicode,1.00,0,"existence_reasoning: The benchmark/evaluation harness enforces a strict regex-based extraction of code blocks (it requires a pattern like a fenced code block starting with ```py or ```python). This requirement is not part of the stated task instructions for the final answer in the transcript, and the agent at one point produced a natural-language explanation (no fenced code), which the harness treated as invalid. This indicates a structural mismatch between what the harness expects and what the task description allows/communicates, i.e., the evaluation apparatus is brittle to non-code responses and relies on hidden formatting constraints. | causation_reasoning: The run is marked failed due to a parsing error, not due to incorrect algorithmic content. The parser explicitly rejected the agent output because it lacked the required fenced code pattern. This failure is directly caused by the harness's hidden/extra formatting constraint (regex requirement). Once the agent included the exact 'Thought: ... Code: ```py ...```<end_code>' format, execution proceeded, confirming that the failure mode was formatting/parser-related rather than substantive code issues. | evidence: Parser failure message: ""Error in code parsing: Your code snippet is invalid, because the regex pattern ```(?:py|python)?\s*\n(.*?)\n``` was not found in it."" It shows the rejected snippet was plain text: ""Implemented `spectral_periodicity` which: ..."" and later similarly for predator_prey: ""Your code snippet is invalid ... was not found in it."" The harness then instructs an alternate hidden format: ""Make sure to include code with the correct pattern, for instance: Thoughts: Your thoughts\nCode:\n```py\n# Your python code here\n```<end_code>"".",scicode_hal_generalist_agent_o320250416_1750127070_UPLOAD
54,scicode,1.00,0,"existence_reasoning: The benchmark specifies a very narrow dependency policy (""Use only... import numpy as np"") but the execution environment enforces an additional restriction on imports (a whitelist) that is not communicated in the task spec. This creates a hidden constraint: even standard-library imports (e.g., typing) can fail despite being reasonable in normal Python and not prohibited by the prompt except indirectly. This is an intrinsic benchmark formation issue because the prompt's dependency guidance does not match the evaluator/runtime import policy, so an otherwise-correct implementation can be rejected for non-task-related reasons. | causation_reasoning: The run is marked failed due to an environment import restriction error triggered by the agent's code. The proximate failure shown is the runtime refusing `from typing import Tuple`. While the agent should have followed the prompt more strictly, the benchmark's instructions did not disclose the runtime's specific import whitelist behavior, and the evaluator error message shows the hidden rule. This mismatch directly produced the observed failure in the trace and is the stated reason for retry; thus the intrinsic deficiency (undisclosed environment import constraints beyond the prompt) caused the failure event recorded. | evidence: Runtime failure message: ""Code execution failed at line 'from typing import Tuple' due to: InterpreterError: Import from typing is not allowed. Authorized imports are: [...] 'numpy.*' ..."". Prompt dependency instruction: ""DEPENDENCIES: Use only the following dependencies in your solution... import numpy as np"" (does not disclose import whitelist enforcement mechanism). Agent failure is flagged in metadata: ""failed"": true.",scicode_hal_generalist_agent_o320250416_1750127070_UPLOAD
55,scicode,1.00,0,"existence_reasoning: The benchmark/evaluation harness imposes a strict response-format parsing requirement (it searches for a code block via a specific regex), but the task's RESPONSE GUIDELINES only say to provide code in a ```python``` block. The harness error reveals an additional undocumented contract: it expects a code blob matching the regex `(?:py|python)?\s*\n(.*?)\n` and even suggests a special wrapper with 'Thoughts:' and a terminating '<end_code>' tag. This hidden requirement is not stated in the problem prompt/rubric for the step, so an otherwise correct solution can be rejected purely due to formatting, indicating intrinsic benchmark scaffolding misalignment. | causation_reasoning: The agent produced correct-looking Python implementations for the requested function(s). The run failed when the agent, after already supplying code, responded with a plain-English confirmation instead of a code block; the harness then refused to parse it and marked the task failed. Because the evaluation appears to be single-turn/last-message based and the formatting constraint is stricter than documented, the failure is attributable to this formation deficiency (undisclosed parsing requirements / last-message sensitivity). With a properly specified or more robust evaluation that accepted earlier valid code blocks or reiterated the need for final message to be code-only, the agent would likely have passed. | evidence: Harness parsing failure: ""Error in code parsing: Your code snippet is invalid, because the regex pattern ```(?:py|python)?\s*\n(.*?)\n``` was not found in it."" It then shows the rejected snippet was plain text: ""The function `SH_pattern_formation` has been fully implemented..."" and instructs an undocumented format: ""Thoughts: Your thoughts\nCode:\n```py\n# Your python code here\n```<end_code>"". The original task instructions only said: ""Ensure your response is in the format of ```python```.""",scicode_hal_generalist_agent_o320250416_1750127070_UPLOAD
56,scicode,0.00,1,"existence_reasoning: The benchmark's first step (allowed_orders) is underspecified: it asks to ""filter"" logically impossible depletion orders based on preferences but never formally defines the logical rule that makes an order ""allowed"" (i.e., the depletion dynamics/criterion). The agent had to assume a specific rule (""at each step, the next depleted resource must be the current top remaining choice of at least one species""), but the prompt does not establish this definition. This is an intrinsic formation deficiency because multiple plausible rules could fit the vague description, leading to potentially different correct outputs under different interpretations. | causation_reasoning: Despite the underspecification, the run did not fail (metadata shows failed=false) and the agent produced code solutions for allowed_orders, G_mat, check_G_feasibility, and get_dep_orders. Therefore, any intrinsic deficiency did not cause a task failure in this trace. | evidence: Underspecified requirement: ""some of them are logically impossible ... so you need to filter them out"" without a formal criterion.
Agent explicitly notes missing rule: ""We need to implement allowed_orders function but missing definition of rule."" (T0B5)
No failure: run metadata shows ""failed"": false.",scicode_hal_generalist_agent_o320250416_1750127070_UPLOAD
57,scicode,0.00,0,"existence_reasoning: There is a benchmark/scaffold fragility: the evaluator requires the assistant to include a markdown code fence matching a specific regex (as shown by the explicit parsing error). This is an intrinsic formation/evaluation apparatus issue because it constrains formatting rather than solution correctness, and a correct algorithmic answer can still be rejected if not wrapped in the exact expected fence. This is independent of the scientific/programming content and can impede capable agents who produce correct code but slightly different formatting. | causation_reasoning: Despite the formatting fragility existing, it did not cause the run's final failure. After the parsing error, the agent corrected the output format (""Thoughts"" + ""Code:"" + ```py ...```<end_code>) and subsequently provided correctly fenced code for later steps. The final response for the task's last step (BoundStates) is also properly fenced and thus not rejected for regex reasons. Therefore the failure is not attributable to an intrinsic deficiency; it likely stems from agent-side issues earlier (e.g., going off-task to implement additional functions like Solve_Schrod and count_sign_changes when only f_x was initially requested, and general instruction-following drift), or from hidden tests expecting a different BoundStates behavior than implemented. | evidence: Evaluator/parser constraint shown explicitly: ""Error in code parsing: Your code snippet is invalid, because the regex pattern ```(?:py|python)?\s*\n(.*?)\n``` was not found in it."" The agent later complied with the format: ""Code:\n```py\n...\n```<end_code>"" and final BoundStates answer is fenced: ""```python\ndef BoundStates(x, Emax, Estep): ...```"" indicating formatting deficiency did not block the final submission.",scicode_hal_generalist_agent_o320250416_1750127070_UPLOAD
58,scicode,0.00,0,"existence_reasoning: There are intrinsic formation issues in the benchmark materials: (1) inconsistent function naming requirements—text says to use `press_from_rho`, `rho_from_press`, `eps_from_press` but the provided functions are named `eos_press_from_rho`, `eos_rho_from_press`, `eos_eps_from_press`; (2) an internal contradiction about dependencies/imports—""Use only the following dependencies"" plus ""Do not include these dependencies at the beginning of your code"" while later also demanding a ""complete and executable Python program""; (3) at least one docstring/output mismatch (e.g., `eos_rho_from_press` docstring says output `eps` but function returns `rho`). These are formation deficiencies because they can mislead an agent about required identifiers and formatting for grading. | causation_reasoning: The agent's run ultimately failed due to an agent-side formatting mistake (responding with prose instead of a code block that matches the harness regex), not because the task was unsolvable or because the naming/dependency inconsistencies prevented success. The trace shows the agent produced correct code blocks multiple times and then later responded with plain text, triggering the parser error. When prompted, the agent then produced a correctly formatted code block again. Thus, the proximate cause of failure was not the benchmark deficiencies but the agent's failure to adhere consistently to the required output pattern. | evidence: Parser failure explicitly due to missing code fence: ""Error in code parsing: Your code snippet is invalid, because the regex pattern ```(?:py|python)?\s*\n(.*?)\n``` was not found in it. Here is your code snippet: The `tov` routine has been implemented..."". Also shows naming inconsistency in prompt: ""Use the functions `press_from_rho`"" vs provided: ""def eos_press_from_rho..."" and TOV prompt: ""Use the functions `eps_from_press` and `rho_from_press`"" while earlier implementations are `eos_eps_from_press` and `eos_rho_from_press`. Docstring mismatch: in `eos_rho_from_press` prompt: ""Outputs: eps: the specific internal energy..."" but function header returns `rho`.",scicode_hal_generalist_agent_o320250416_1750127070_UPLOAD
59,scicode,1.00,0,"existence_reasoning: The benchmark/evaluation harness uses a strict regex to extract code blocks, but the agent trace shows the harness rejecting responses that are otherwise valid because it cannot find the expected fenced-code pattern. This indicates a fragile/overly-specific parsing requirement in the benchmark apparatus (a scaffolding/evaluation misalignment), not a problem with the underlying programming task. The task prompt itself asks for ```python``` blocks, but the harness later demands a different wrapper format (""Thoughts:""/""Code:"" plus ```py ...``` and a trailing <end_code>) and fails when not matched, demonstrating inconsistency/hidden constraints in the evaluation setup. | causation_reasoning: The recorded failure is explicitly due to the harness being unable to parse the agent’s submission (regex not found), not due to incorrect logic in the implemented function. The agent had already produced a correct `projective_expected` implementation inside a standard fenced ```python``` block, but the run is marked failed because the harness later evaluated a non-code explanatory message and rejected it. Thus the proximate cause of failure is the benchmark’s parsing/evaluation mismatch rather than the agent’s inability to implement the required function. | evidence: Harness error: ""Error in code parsing: Your code snippet is invalid, because the regex pattern ```(?:py|python)?\s*\n(.*?)\n``` was not found in it."" 
The snippet it tried to parse was plain text: ""Implemented `projective_expected(theta, gl)` which constructs appropriate unitaries..."" 
The harness then instructs a different required format: ""Thoughts: Your thoughts\nCode:\n```py\n# Your python code here\n```<end_code>"" 
Despite earlier valid fenced code: the agent provided ""```python\ndef projective_expected(theta, gl): ...\n```"" before the parsing failure.",scicode_hal_generalist_agent_o320250416_1750127070_UPLOAD
60,scicode,0.00,0,"existence_reasoning: The tasks themselves are well-formed and solvable in the stated environment: each step requests a specific function with clear intent and allows NumPy. The only recurring issue shown is the conversation/evaluation wrapper requiring that the assistant’s *final response* contain a fenced code block matching a regex. That requirement is part of the evaluation harness, not an intrinsic contradiction or impossibility in the benchmark task content. A capable agent can comply by outputting only a proper ```python ... ``` block as instructed. | causation_reasoning: The observed failures are due to the agent outputting plain prose instead of a code block at certain turns, triggering the parser regex error. When the agent did provide a properly fenced code block, the snippet executed and produced a function object, indicating success. Therefore, failure is attributable to agent formatting/response errors, not an intrinsic benchmark formation deficiency. | evidence: Parser error explicitly cites formatting mismatch: ""Error in code parsing: Your code snippet is invalid, because the regex pattern `(?:py|python)?\s*\n(.*?)\n` was not found in it. Here is your code snippet: The `wrap` function has been implemented..."" Similar later: ""Here is your code snippet: The Widom test-particle insertion routine is now implemented."" In contrast, when code blocks were provided, execution succeeded: ""Observation: Execution logs: Last output from code snippet: <function create_function.<locals>.new_func ...>"" for wrap/E_i/Widom_insertion/init_system/MC.",scicode_hal_generalist_agent_o320250416_1750127070_UPLOAD
61,scicode,1.00,0,"existence_reasoning: The evaluation harness appears to require that every agent response containing code must match a specific regex pattern for code blocks (it looks for a fenced block with an optional language tag and then content). This is an external formatting constraint not stated in the task's RESPONSE GUIDELINES (which only say to respond in a ```python``` block). Because the harness rejects outputs that don't match its regex, the benchmark can fail even when the agent has already produced correct code earlier, making the task structurally brittle: a single non-code summary message triggers a hard failure unrelated to the programming objective. | causation_reasoning: The agent's run failed due to the harness rejecting a response that contained no code block, not due to incorrect algorithm/implementation. The agent output a plain-English summary (“Implemented `u_triple`...”) and the system raised a parsing error because it couldn't find the required regex pattern. This is a benchmark/evaluator formation issue (format parser mismatch) and directly caused the recorded failure. | evidence: Failure message: ""Error in code parsing: Your code snippet is invalid, because the regex pattern ```(?:py|python)?\s*\n(.*?)\n``` was not found in it."" It then shows the offending snippet: ""Implemented `u_triple` as specified..."" and instructs: ""Make sure to include code with the correct pattern... Code: ```py ... ```<end_code>"". This indicates the run failed on formatting/regex parsing rather than code correctness.",scicode_hal_generalist_agent_o320250416_1750127070_UPLOAD
62,scicode,0.00,0,"existence_reasoning: The task is well-specified and solvable in the stated environment. The required functions (block_enlarged, dmrg_module, run_dmrg) can be implemented using only numpy and scipy.sparse/kron/identity/eigsh. The evaluation harness expects the final response to contain a markdown fenced code block matching a regex for ```py or ```python; this is a clear formatting requirement and is not contradictory or impossible. No missing dependencies, obsolete APIs, or template/grader mismatches inherent to the benchmark are demonstrated—earlier code submissions were accepted when formatted correctly. | causation_reasoning: The failure was caused by the agent outputting non-code prose without the required fenced code block, triggering the parser regex error. This is an agent compliance/formatting error, not an intrinsic benchmark deficiency. When the agent later responded with properly fenced code blocks (e.g., for block_enlarged/dmrg_module/run_dmrg), the snippets were accepted (execution logs show function objects created). Thus, fixing no benchmark material is necessary; the agent simply needed to follow the output-format instruction consistently. | evidence: The explicit parse failure: ""Error in code parsing: Your code snippet is invalid, because the regex pattern ```(?:py|python)?\s*\n(.*?)\n``` was not found in it. Here is your code snippet: The `block_enlarged` function has been fully implemented: ..."" Later, properly formatted responses succeeded: multiple ""Last output from code snippet: <function create_function.<locals>.new_func ...>"" after fenced ```python blocks (e.g., after T0B33, T0B36, T0B45/T0B48).",scicode_hal_generalist_agent_o320250416_1750127070_UPLOAD
63,scicode,0.00,0,"existence_reasoning: The core programming tasks (implementing grid initialization, boundary conditions, recursion matrix, forward iteration, and wrapper functions) are well-specified and solvable with the stated dependencies. The evaluation harness expects responses to include a fenced Python code block; this requirement is explicitly communicated by the harness error message and example format, so it is not an implicit/hidden constraint. No contradictions, missing dependencies, or impossible requirements appear in the benchmark materials. | causation_reasoning: The run failed due to the agent outputting non-code text (without a code fence) after previously providing correct code. The harness then rejected the response because it could not find the required code-block regex. This is an agent compliance/formatting failure, not a benchmark formation deficiency. When the agent did provide properly fenced code (e.g., for initialize_grid, apply_boundary_conditions, construct_matrix, forward_iteration, price_option_of_time), the harness accepted it (showing function objects in logs). | evidence: Harness error shows explicit formatting expectation: ""Error in code parsing: Your code snippet is invalid, because the regex pattern ```(?:py|python)?\s*\n(.*?)\n``` was not found in it."" It points to the agent's non-code reply: ""Here is your code snippet: initialize_grid implemented."" Similarly later: ""Here is your code snippet: The `price_option` function has been implemented."" These failures occur when the agent responds with prose instead of a ```python fenced block, despite earlier successful fenced submissions producing ""<function create_function.<locals>.new_func ...>"" outputs.",scicode_hal_generalist_agent_o320250416_1750127070_UPLOAD
64,scicode,1.00,0,"existence_reasoning: The benchmark/evaluation harness appears to require a very specific output wrapper format (a code block matched by a regex and, at times, a 'Thought:'/'Code:' + '<end_code>' convention), but the task's own response guidelines only require a ```python``` block. This mismatch is intrinsic to the benchmark apparatus: an otherwise correct implementation can be rejected purely due to formatting, which is not part of the stated task requirements. The harness error message explicitly shows it is searching for a particular regex pattern and fails when the assistant returns explanatory text rather than code in that exact pattern, indicating the evaluation is format-fragile and not aligned with the prompt instructions. | causation_reasoning: The agent's run is marked failed due to the evaluator refusing to parse a non-code response (and possibly other formatting deviations). This failure is directly caused by the harness's strict regex-based parsing requirement rather than the algorithmic correctness of the implemented functions. The trace includes an explicit parsing error stating the required regex pattern was not found, triggered when the agent provided a natural-language summary. A perfect agent could still fail if it followed the prompt's stated guideline (python block) but not the harness's hidden/extra constraint. Here, the observed failure event is exactly that parsing rejection. | evidence: Evaluator error: ""Error in code parsing: Your code snippet is invalid, because the regex pattern ```(?:py|python)?\s*\n(.*?)\n``` was not found in it. Here is your code snippet: Implemented the function `E_i`..."" and similarly for E_system: ""Here is your code snippet: Implemented the `E_system` function..."". The task guidelines said: ""Ensure your response is in the format of ```python```"", but the harness demanded a different structure: ""Thoughts: Your thoughts\nCode:\n```py\n# Your python code here\n```<end_code>"".",scicode_hal_generalist_agent_o320250416_1750127070_UPLOAD
65,scicode,1.00,0,"existence_reasoning: The benchmark environment appears to not support Python's matrix-multiplication operator `@` (AST node `MatMult`) used throughout the provided and expected solution style for quantum channels (e.g., `k @ rho @ k.conj().T`). This is an environmental/parser limitation conflicting with the task requirements and the scaffolded code style. Since applying Kraus operators and isometries inherently requires matrix multiplication, and the earlier provided reference implementations also rely on `@`, this creates a structural impossibility (or at least a hidden constraint requiring `.dot()` everywhere) not stated in the prompt. | causation_reasoning: The agent's run fails when attempting to execute a simple self-check that invokes `ghz_protocol_fidelity`, with an explicit runtime error stating `MatMult` is not implemented. This indicates the environment cannot execute matrix multiplication via `@`, which is essential to these tasks and is used by the benchmark-provided functions (`apply_channel`, `ghz_protocol`, etc.). Thus the failure is caused by the environment/benchmark limitation, not by the agent's algorithmic logic for `ghz_protocol_fidelity`. | evidence: Execution failure: ""NotImplementedError: Binary operation MatMult is not implemented."" (at the self-check call). Also, benchmark-provided/expected code uses `@` heavily, e.g. in `apply_channel`: ""out += k @ rho @ k.conj().T"" and in `ghz_protocol`: ""sigma_tilde = V @ rho @ V.conj().T""—these would be incompatible with an environment that lacks `MatMult`.",scicode_hal_generalist_agent_o320250416_1750127070_UPLOAD
66,scicode,1.00,0,"existence_reasoning: The benchmark’s KC potential steps are internally inconsistent/underspecified in a way that prevents a single unambiguous correct implementation. The task text for `potential_repulsive` calls it the “repulsive part” but provides the full expression including the attractive tail term `-A (r_ij/z0)^(-6)` while also omitting `A` from the function signature. Later, the benchmark introduces a separate `potential_attractive(rnorm, z0, A)` step, implying the attractive tail should be split out, but the earlier `potential_repulsive` spec still includes that tail. Finally, the `calc_potential` spec provides fixed parameter values (including A=14.3132588) that conflict with the header defaults and with the agent’s earlier forced constant A in `potential_repulsive`. These contradictions mean “correct” behavior depends on which conflicting instruction the grader expects, and a perfect agent cannot satisfy all simultaneously without hidden evaluation knowledge. | causation_reasoning: The agent’s final `calc_potential` uses `potential_repulsive(...)` as provided in the trace, but that `potential_repulsive` hard-codes `A = 10.238` and ignores the `A` argument to `calc_potential`. If the evaluator expects the provided fixed KC parameter set (A=14.3132588) or expects `potential_repulsive` to exclude the attractive tail (since a separate `potential_attractive` exists), then the computed energy will be wrong even if the implementation is otherwise correct. This failure is driven by the benchmark’s contradictory formation (A missing from signature, but required by formula; repulsive vs total term ambiguity; conflicting parameter values), not by a pure agent coding error. | evidence: 1) Repulsive step includes attractive term but signature omits A: “Write a Python function for replusive part... V_ij=... -A(r_ij/z0)^(-6)... Inputs are ... z0, C, C0, C2, C4, delta, lamda” and header `def potential_repulsive(r_ij, n_i, n_j, z0, C, C0, C2, C4, delta, lamda):`.
2) Agent notes this inconsistency: “The attractive −A ( r/z₀ )^{−6} term is part of the intended formula but `A` is NOT in the function signature.”
3) A separate attractive function is later required: “Write a Python function for the attractive part... def potential_attractive(rnorm, z0, A): ...” implying splitting.
4) Parameter-value conflict in calc_potential step: “Use the following values for KC parameters: ... A = 14.3132588” while the function header defaults are different: `A=13.090159601618883`.
5) Agent’s `potential_repulsive` hard-codes A: “A = 10.238  # (energy units) KC parameter that is kept constant”, so `calc_potential(..., A=...)` cannot satisfy the stated fixed A.",scicode_hal_generalist_agent_o320250416_1750127070_UPLOAD
67,scicode,1.00,0,"existence_reasoning: The benchmark gives conflicting instructions about imports: it both provides/assumes `import numpy as np` in the surrounding scaffold and also states ""Use only the following dependencies in your solution. Do not include these dependencies at the beginning of your code."" This is a structural contradiction in the task formation/template. A correct agent cannot know whether the grader expects the import to be omitted (because the harness injects it) or included (because the function must run standalone). Such a mismatch can systematically cause failures depending on how the evaluation harness executes the submission. | causation_reasoning: The run is marked failed despite the agent implementing the requested function correctly in content. The most plausible proximate cause, given the trace, is that the submission violated the benchmark's own import-placement rule (the agent repeatedly included `import numpy as np` at the top). If the grader enforces the ""do not include"" instruction (common in these benchmarks), this would fail regardless of solution correctness. Because the agent followed the common 'complete executable program' pattern and the template simultaneously forbade that import placement, the failure is attributable to the intrinsic contradiction rather than the agent's algorithm. | evidence: Instruction: ""DEPENDENCIES: Use only the following dependencies in your solution. Do not include these dependencies at the beginning of your code.\n\nimport numpy as np"". Agent output for the final step begins with an import anyway: ""```python\nimport numpy as np\n\ndef D_b_qz_mat(...): ...```"". Run metadata indicates failure: ""\""failed\"": true"".",scicode_hal_generalist_agent_o320250416_1750127070_UPLOAD
68,scicode,1.00,0,"existence_reasoning: The evaluation harness requires the assistant's final message to contain a fenced code block matching a very specific regex (it later complains the pattern was not found). This is an extrinsic formatting constraint not stated in the benchmark problem statement (which instead asks for ```python```), and it can cause failures even when the implementation is correct. The harness also appears to sometimes treat a non-code explanatory message as the 'code snippet' to parse, indicating misalignment between how outputs are captured and what is expected. | causation_reasoning: The agent's solution code executed successfully multiple times (logs show class/function objects created), but the run was marked failed due to parsing/formatting errors when the harness attempted to extract code from a message that contained no code fence. This failure is attributable to the harness/template requirement and output-capture behavior rather than the task being unsolvable or the agent's algorithmic implementation being wrong. | evidence: 1) Parsing failure message: ""Error in code parsing: Your code snippet is invalid, because the regex pattern ```(?:py|python)?\s*\n(.*?)\n``` was not found in it. Here is your code snippet: The Slater class implementing the requested wave-function, its gradient, laplacian and kinetic-energy evaluations is now complete."" 
2) Similar later parsing failure for Jastrow: same regex error after an explanatory (non-code) message.
3) Despite these, execution logs show successful definitions, e.g. ""Last output from code snippet: <class 'smolagents.local_python_executor.Jastrow'>"" and similarly for Slater/MultiplyWF/Hamiltonian/metropolis/etc., indicating correct code existed but failure was due to parsing/capture.",scicode_hal_generalist_agent_o320250416_1750127070_UPLOAD
69,scicode,0.00,0,"existence_reasoning: The benchmark tasks are well-formed and solvable in the given environment: each step provides a clear function header, allowed dependency (NumPy), and expects a Python code block. No contradictions in required libraries, no missing files/interfaces, and no template/harness mismatch inherent to the benchmark are evidenced. The only parsing failure shown is triggered by the agent outputting non-code prose (with Unicode minus) outside a fenced code block, which violates the harness expectations but is not a benchmark formation flaw. | causation_reasoning: The run failed due to agent formatting/content errors rather than an intrinsic benchmark deficiency. Specifically, the agent emitted plain text containing a non-ASCII minus character '−' which the system tried to parse as Python, producing a SyntaxError. When the agent later returned properly fenced ASCII Python code, parsing succeeded (execution logs show function objects created). Thus, the proximate cause of failure is the agent's incorrect response formatting/characters, not the task setup. | evidence: Parsing failure: ""Error in code parsing: Your code snippet is invalid, because the regex pattern ```(?:py|python)?\s*\n(.*?)\n``` was not found in it."" (T0B8)
Unicode/prose parsed as code: ""Code parsing failed on line 1 due to: SyntaxError ... Error: invalid character '−' (U+2212)"" and it shows the offending line: ""I_ω(q,ω) = −Im χ_R(q,ω) ."" (T0B64)
Subsequent correct code blocks are accepted: repeated ""Last output from code snippet: <function create_function.<locals>.new_func ...>"" after proper ```python blocks (e.g., T0B62, T0B68, T0B71).",scicode_hal_generalist_agent_o320250416_1750127070_UPLOAD
71,scicode,1.00,0,"existence_reasoning: The benchmark/evaluation harness enforces a strict code-block regex format for the *final* assistant message (expects a ```py/```python fenced block), but the task instructions to the agent do not make this evaluation constraint explicit at the end of multi-turn retries. The harness rejects any non-code final response regardless of correctness of earlier code. This is a structural evaluation/scaffolding issue: a correct solution can be produced, but the run can still be marked failed solely due to format at the end, which is not part of the stated programming task requirements. | causation_reasoning: Yes. The agent successfully produced correct implementations multiple times, and the only explicit terminal error is the parser failing to find a fenced code block in the agent's final textual summary messages. The run is marked failed due to this formatting/parsing constraint rather than algorithmic impossibility. If the harness accepted the already-produced correct code (or if the format constraint were clearly enforced and the agent complied at the final turn), the run would have succeeded. | evidence: 1) Harness error shows strict regex requirement: ""Error in code parsing: Your code snippet is invalid, because the regex pattern `(?:py|python)?\s*\n(.*?)\n` was not found in it."" 
2) The rejected 'code snippet' is plain text summaries (not code), e.g.: ""The `partial_trace` function has been fully implemented..."" and later ""The `GADC_rev_coh_inf` function has been implemented. It..."" 
3) Immediately prior to those errors, the agent had provided valid code blocks for the functions (e.g., partial_trace and entropy) and the harness logs indicate those code blocks were accepted/created (e.g., ""Created file tensor_utils.py"" and function objects printed).",scicode_hal_generalist_agent_o320250416_1750127070_UPLOAD
72,scicode,1.00,0,"existence_reasoning: The benchmark/evaluation harness enforces a very specific regex-based code-block format (it looks for a fenced block matching the pattern `(?:py|python)?\s*\n(.*?)\n`), but this requirement is not part of the stated task instructions/rubric given to the agent for most of the run. The agent sometimes responded with plain text or with a code block not matching the harness expectations (e.g., no fenced code block at all), leading to a parsing failure unrelated to the substantive correctness of the implementation. This is an intrinsic benchmark issue: an otherwise correct solution can be rejected solely due to hidden/underspecified formatting constraints imposed by the evaluator. | causation_reasoning: Yes. The run is marked failed, and the only explicit failure shown is a harness parsing error, not a logical/algorithmic error. The agent had already produced correct Python implementations (e.g., `magnetization`), but then output a non-code message ('magnetization function implemented.'), which triggered the harness regex failure. Because the harness-format requirement was not clearly specified as a strict constraint in the task prompt (it appeared only after the error), the benchmark's hidden formatting contract directly caused the failure rather than an inability to solve the programming task. | evidence: The harness error: ""Error in code parsing: Your code snippet is invalid, because the regex pattern ```(?:py|python)?\s*\n(.*?)\n``` was not found in it. Here is your code snippet: magnetization function implemented."" This shows failure due to output format parsing, despite earlier correct code blocks such as the magnetization implementation: ""```python\nimport numpy as np\n\ndef magnetization(spins): ... mag = float(np.sum(spins))\n    return mag\n```""",scicode_hal_generalist_agent_o320250416_1750127070_UPLOAD
73,scicode,0.00,0,"existence_reasoning: Across the multi-step benchmark, the sample-rotation convention is internally inconsistent/underspecified: the narrative states the three sample DOFs are (phi, chi, theta) with sequence phi→chi→theta and that when phi=chi=theta=0 the theta axis is along −y, while later function signatures use z_s described as a “step size in the \phi rotation” (not theta), and the earlier solution logic assumes theta(z)=(z−z1)·z_s. This mismatch makes the mapping from frame index z to the correct sample rotation ambiguous (phi-scan vs theta-scan; also which reference frame has 0 angle). Additionally, in u_triple_p the description requests t_i^g built from “momentum transfer before rotating the crystal”, which would naturally come from q_cal_p using pixels, but the provided/used implementation instead rotates q1,q2 via chi/phi and ignores detector pixels for Q1,Q2. These are benchmark formation issues because they leave multiple plausible implementations with no unique intended behavior. | causation_reasoning: The trace does not show a concrete runtime error or grading rejection attributable to the ambiguity. The agent produced executable implementations for each step and no failure point tied to the underspecification is evidenced. The run is marked failed, but the transcript contains no failing test output or exception. Therefore, while the benchmark text is ambiguous/inconsistent, we cannot conclude it was the proximate cause of this specific failure rather than hidden-unit-test expectations, agent logic choices (e.g., how to treat phi/chi/theta and “before rotating the crystal”), or other evaluation criteria. | evidence: Inconsistency about which axis is scanned: “During experiments, we rotate \theta at fixed \phi and \chi” vs get_hkl_p docstring: “z_s: step size in the \phi rotation” and code assumes “theta_deg = (z - z1) * z_s”.
Ambiguity in ‘before rotating the crystal’ for t_g: problem statement for u_triple_p: “Q_i represents the momentum transfer before rotating the crystal”, yet the implemented u_triple_p in the provided context computes “Q1_pre = (R_pre @ q1)” and “Q2_pre = (R_pre @ q2)” instead of using q_cal_p with p1/p2.
No explicit failure evidence: final metadata only says “\""failed\"": true” without an error message or test failure details.",scicode_hal_generalist_agent_o320250416_1750127070_UPLOAD
74,scicode,0.00,0,"existence_reasoning: The benchmark prompt is internally inconsistent about the expected output: it says to “compute the factor R” (which in QR is typically n×n upper triangular for m≥n), but the provided stub/docstring says Outputs: “A : Matrix of size m*n” and the function returns A. This mismatch creates ambiguity about whether the grader expects an n×n R, an m×n matrix with upper-triangular part filled, or an in-place overwrite of A. That is a formation deficiency (logical underspecification / template misalignment). | causation_reasoning: Despite the ambiguity, an implementation can still satisfy many plausible graders by returning an m×n matrix whose strictly lower triangular part is zero (i.e., the R stored in the upper triangle), which is what the agent did. There is no evidence in the trace that the agent’s failure was triggered by an unavoidable benchmark flaw (e.g., signature mismatch, missing dependency, impossible requirement). The run shows only that a function object was created, not any failing test output. Therefore, even if the task spec is ambiguous, it cannot be concluded that this ambiguity caused the specific failure; the failure could be due to hidden tests expecting a different convention (n×n), numerical details, or other agent-side issues. | evidence: Prompt contradiction: “Create a function to compute the factor R of a QR factorization of an m×n matrix A with m≥n.” vs stub docstring “Outputs: A : Matrix of size m*n” and “return A”.
Agent returned m×n with lower-triangular zeroed: “Returns … shape (m, n) … entries below the main diagonal are zero.”
No concrete error shown; logs only show function creation: “Last output from code snippet: <function create_function.<locals>.new_func …>” and final metadata “failed”: true without test details.",scicode_hal_generalist_agent_o320250416_1750127070_UPLOAD
75,scicode,1.00,0,"existence_reasoning: The benchmark asks the agent to implement `ham_eig(k_input, latvecs, basis)` to “Generate a Hamiltonian matrix at a given k=(kx,ky)” and return sorted eigenvalues, but it never specifies the required neighbor/translation list, cutoff radius, interaction range, or how to enumerate hopping pairs from just `latvecs` and `basis`. The only provided helper `mk(latvecs, basis, di, dj, ai, aj)` requires explicit lists of displacement indices (`di`, `dj`) and basis indices (`ai`, `aj`) for the hopping terms, but those lists are not provided to `ham_eig`, nor is there any rule in the task for generating them. Therefore multiple incompatible Hamiltonians are consistent with the prompt (different cutoffs, different shells, different conventions for lattice-vector orientation, inclusion/exclusion of onsite terms, etc.), so the task is structurally underspecified and cannot be uniquely solved/evaluated from the given inputs. Additionally, the prompt text for `mk` is itself incomplete (“using the hopping evaluation from .”), indicating missing reference/context. | causation_reasoning: The agent’s failure is attributable to this underspecification: they had to invent arbitrary parameters and a construction method (e.g., brute-force translation shell and distance cutoff) because the benchmark did not provide the displacement/bond list required to build H(k). If the evaluation expects a specific Hamiltonian (likely based on a particular neighbor set/cutoff), the agent’s arbitrary choices will cause mismatch even if the code is internally consistent. Because there is no way for any agent to infer the exact expected enumeration from the prompt alone, the deficiency is the proximate cause of failure. | evidence: Prompt for `ham_eig`: “Generate a Hamiltonian matrix at a given k=(kx, ky). Calculate the eigenvalues…” but provides only `(k_input, latvecs, basis)` and no hopping list/range rules.
`mk` signature requires explicit lists: “di, dj (np.array): list of displacement indices for the hopping; ai, aj (np.array): list of atomic basis indices for the hopping”.
`mk` description is truncated: “using the hopping evaluation from .”
Agent had to invent an approach: in their `ham_eig` they introduce “shell_max = 3” and “cutoff_dist = 10.0” (arbitrary) and brute-force translations, showing the benchmark did not supply needed constraints.",scicode_hal_generalist_agent_o320250416_1750127070_UPLOAD
76,scicode,1.00,0,"existence_reasoning: The task asks the agent to implement only the next-step function `scan_sequence` and explicitly says not to include previous function code. However, the required correct implementation of `scan_sequence` depends on earlier-step functions (`load_motif_from_df`, `compute_kld`) that are not included in the code block and may not be available in the evaluation namespace unless the harness injects them. The benchmark provides these earlier functions only as prompt text, not as guaranteed in-scope code, creating a structural ambiguity/fragility: a perfect agent following instructions (implement only next step) can still fail at runtime with NameError if the harness doesn't preload those functions. This is a formation/scaffolding deficiency because the benchmark does not clearly define what is pre-imported/available when the submitted snippet is executed, while simultaneously restricting inclusion of prior code. | causation_reasoning: The agent's final `scan_sequence` implementation calls `load_motif_from_df(matrix)` and `compute_kld(pwm)` without defining them (as required by the prompt constraints). The run is marked failed overall, and given the typical evaluation setup for these benchmarks, the most likely proximate failure is that the evaluation environment executed only the submitted next-step code and did not provide the earlier functions in scope, causing a runtime NameError. This failure is directly caused by the benchmark's misalignment between (a) requiring dependence on earlier steps and (b) instructing the agent not to include them, without guaranteeing state persistence/injection. | evidence: Prompt constraint: ""DO NOT include previous function code"" while `scan_sequence` needs earlier steps.
Agent final code calls missing symbols: `pwm = load_motif_from_df(matrix)` and `expected_kld = compute_kld(pwm)`.
Benchmark text shows earlier functions only in prompt, not as executable context.
Overall run metadata: ""failed"": true.
Earlier in trace, a separate parsing failure occurred when the agent responded with prose: ""Error in code parsing: ... regex pattern ... was not found"", showing harness strictness about format, reinforcing scaffolding fragility.",scicode_hal_generalist_agent_o320250416_1750127070_UPLOAD
77,scicode,1.00,0,"existence_reasoning: The evaluation harness enforces a very specific code-block parsing regex (""(?:py|python)?\\s*\\n(.*?)\\n""), but the task's response guidelines instruct the agent to respond in a markdown code fence of the form ```python ...```, without mentioning the harness's stricter requirement (and later the harness demands an even different wrapper: ""Thoughts: ... Code: ```py ...```<end_code>""). This is a benchmark/scaffold mismatch: the benchmark prompt and the actual parser expectations are not aligned, and an otherwise correct solution can be rejected purely due to formatting. The trace shows the agent sometimes responded with plain text (after being prodded by the harness), which then hard-failed parsing, demonstrating that formatting, not algorithmic solvability, is a gating factor. | causation_reasoning: The run is marked failed due to code parsing errors, not due to incorrect physics/math. The immediate failure arises when the assistant outputs plain text instead of a parseable code fence, and the harness rejects it because the required regex pattern was not found. This failure is directly tied to the benchmark's brittle/underspecified output-format contract (prompt says one thing; harness enforces another). While the agent did make a mistake by replying with plain prose at least once, that mistake was induced in context of conflicting/unclear formatting requirements; moreover, the harness's requirement is not stated in the main task instructions and is stricter than the standard ```python``` block. Thus the intrinsic scaffold deficiency (format/parsing misalignment) is the proximate cause of the recorded failure. | evidence: Hard failure message from harness: ""Error in code parsing: Your code snippet is invalid, because the regex pattern ```(?:py|python)?\s*\n(.*?)\n``` was not found in it."" followed by ""Here is your code snippet: The `pressure` function—..."" and similarly later: ""Here is your code snippet: Implemented Berendsen thermostat and barostat within velocity‐Verlet integrator."" The prompt's response guideline earlier: ""Ensure your response is in the format of ```python```."" Later harness instruction conflicts: ""Make sure to include code with the correct pattern, for instance: Thoughts: Your thoughts\nCode:\n```py\n# Your python code here\n```<end_code>"".",scicode_hal_generalist_agent_o320250416_1750127070_UPLOAD
79,scicode,1.00,0,"existence_reasoning: The benchmark's later-step task (implementing `nhc_step`, `nhc_Y4`, and then `nose_hoover_chain`) is intrinsically underspecified/incomplete because it references variables and parameters (thermostat masses Q_i, Boltzmann constant k_B) that are required by the mathematical definitions of G_i but are not provided in any function signatures or global context. The prompt also inconsistently types G/V/X as 'float' in the docstring while the operator definition requires vectors of length M. This creates multiple plausible implementations (e.g., assume Q_i=1 and k_B=1; assume arrays; assume scalars), meaning a correct agent cannot know what the grader expects. Additionally, the evaluation harness appears to enforce a strict output pattern (expects a code blob) that can mark a run as failed even when the functional code was previously produced; this is a scaffold/evaluation mismatch rather than a reasoning issue. | causation_reasoning: The run is marked failed even though the agent produced reasonable implementations. The failure is consistent with benchmark/evaluator deficiencies: (1) required physical parameters (Q_i, k_B) are missing, forcing the agent to guess (it assumed reduced units), which can easily diverge from hidden tests; (2) the harness rejected a non-code response with a regex error, demonstrating brittleness in evaluation and that success depends on formatting rather than solution correctness. Given these intrinsic issues, a perfect agent could still fail if their necessary assumptions differ from the grader's or if the harness expects a specific code-only response at the final turn. | evidence: Missing required parameters in spec: ""G₁ = (1/Q₁)(m v² − k_B T), G_k = (1/Q_k)(Q_{k−1} v_{ξ_{k−1}}² − k_B T)"" but function header is `def nhc_step(v0, G, V, X, dt, m, T, omega):` (no Q_i, no k_B).
Type mismatch/underspecification: docstrings say ""G : float"", ""V : float"", ""X : float"" while Liouville operator sums i=1..M implying arrays.
Harness brittleness: user reports ""Error in code parsing: ... regex pattern ... was not found"" when assistant replied with prose: ""There is no additional user-facing output expected..."".
Agent forced to assume reduced units: in implementation notes it sets `k_B = 1.0` and comments ""Thermostat masses Q_i are set to 1"", reflecting missing benchmark-provided values.",scicode_hal_generalist_agent_o320250416_1750127070_UPLOAD
8,scicode,0.00,0,"existence_reasoning: The task is well-specified and feasible: implement a Fourier-domain cross-shaped high-pass mask excluding frequencies within ±bandwidth along the central row/column, using numpy FFT utilities. The required function signature is provided, dependencies are available, and there is no inherent contradiction or missing information that would prevent a correct implementation. | causation_reasoning: The run's failure was due to the agent outputting a non-code response that the evaluator could not parse as a Python code block, not due to any benchmark/task formation problem. When the agent provided properly formatted code (with a fenced code block), the harness successfully created the function (as indicated by the 'new_func' output). The later overall 'failed' status appears tied to the earlier formatting/parsing error rather than an intrinsic benchmark deficiency. | evidence: Evaluator error shows formatting issue: ""Error in code parsing: Your code snippet is invalid, because the regex pattern `(?:py|python)?\s*\n(.*?)\n` was not found in it."" The snippet at that point was plain text, not code. After retry with a fenced block: ""Code:\n```py\n...```<end_code>"" and execution log: ""Last output from code snippet: <function create_function.<locals>.new_func ...>"" indicating the implementation was accepted by the harness.",scicode_hal_generalist_agent_o320250416_1750127070_UPLOAD
80,scicode,1.00,0,"existence_reasoning: The benchmark's response guidelines explicitly forbid adding imports (""Use only the following dependencies... Do not include these dependencies at the beginning of your code.""), implying the environment will pre-import them. However, multiple task steps (E_pot, forces, MD_NVT) show the agent including `import numpy as np`, `import scipy as sp`, and `from scipy.constants import Avogadro`, which indicates the harness likely evaluates the function in isolation (or expects no imports) and uses a `create_function` wrapper. This creates a structural double-bind: either (a) omit imports and risk NameError if the harness doesn't pre-import `np/sp`, or (b) include imports and violate the benchmark rule/tests. Additionally, the MD_NVT step requires Boltzmann constant but the allowed dependency list mentions only `Avogadro`; the task implicitly expects access to `sp.constants.Boltzmann` or similar without listing it, making the spec internally inconsistent/underspecified about how to obtain k_B within the dependency constraints. | causation_reasoning: The agent's implementations for the physics are largely correct, but they repeatedly violate the benchmark's own formatting/dependency constraints by adding imports at the top of the code blocks (notably in E_pot, forces, velocity_verlet, MD_NVT). If the evaluator enforces the ""no imports"" rule, the submission fails regardless of correctness. Conversely, if the evaluator forbids imports but also doesn't pre-import required modules, any compliant agent would fail with NameError when using `np`, `sp`, or constants. This indicates the failure is driven by the benchmark's ambiguous/misaligned expectations about imports and available globals, not by the agent's algorithmic approach. | evidence: Benchmark rule: ""Use only the following dependencies in your solution. Do not include these dependencies at the beginning of your code."" 
Agent outputs repeatedly include imports, e.g. E_pot: ""import numpy as np""; forces: ""import numpy as np""; velocity_verlet: ""import numpy as np""; MD_NVT: ""import math\nimport numpy as np\nimport scipy as sp\nfrom scipy.constants import Avogadro"". 
The environment behavior shows function-wrapping: ""Last output from code snippet: <function create_function.<locals>.new_func ...>"", consistent with harness extracting only the function body and making import placement/availability critical. 
MD_NVT requires k_B but allowed dependencies list only explicitly includes Avogadro from scipy.constants, implying missing/implicit constant access.",scicode_hal_generalist_agent_o320250416_1750127070_UPLOAD
9,scicode,0.00,0,"existence_reasoning: The benchmark specification is internally inconsistent about what the function should return. The docstring says ""residuals: Float number"" and ""errors: Float number"" and the provided stub ends with ""return residual, error"" (singular), which implies scalars for the final iterate. But the prose says ""should generate residual and error"" (could mean histories), and typical iterative-method assignments often expect arrays/lists of residual/error over iterations. This ambiguity is a formation deficiency because it can lead a correct implementation to be marked wrong depending on the hidden expected output format. | causation_reasoning: Despite the ambiguity, the agent’s implementation is reasonable and likely correct for the 'history' interpretation, and nothing in the trace shows a concrete evaluation error (no assertion failure, mismatch message, or runtime error). The only shown 'Observation' is the environment printing a function object, which is normal when defining a function and does not indicate failure due to the benchmark. Therefore we cannot attribute the recorded task failure to this deficiency based on the provided trace; the failure could be due to hidden tests expecting scalar outputs or other criteria, but that is not evidenced here. | evidence: Spec conflict: stub/docstring says ""Output\n    residuals: Float number ...\n    errors:    Float number ..."" and ends with ""return residual, error"" (singular). Meanwhile prompt says ""This function should generate residual and error"" (ambiguous). Agent returned histories: ""return residuals, errors"" as lists. Execution observation only: ""Last output from code snippet: <function create_function.<locals>.new_func ...>"" which indicates definition, not an error.",scicode_hal_generalist_agent_o320250416_1750127070_UPLOAD
